#
# There is insufficient memory for the Java Runtime Environment to continue.
# Native memory allocation (malloc) failed to allocate 274496 bytes for Chunk::new
# Possible reasons:
#   The system is out of physical RAM or swap space
#   In 32 bit mode, the process size limit was hit
# Possible solutions:
#   Reduce memory load on the system
#   Increase physical memory or swap space
#   Check if swap backing store is full
#   Use 64 bit Java on a 64 bit OS
#   Decrease Java heap size (-Xmx/-Xms)
#   Decrease number of Java threads
#   Decrease Java thread stack sizes (-Xss)
#   Set larger code cache with -XX:ReservedCodeCacheSize=
# This output file may be truncated or incomplete.
#
#  Out of Memory Error (allocation.cpp:390), pid=3708, tid=4300
#
# JRE version: Java(TM) SE Runtime Environment (8.0_31-b13) (build 1.8.0_31-b13)
# Java VM: Java HotSpot(TM) 64-Bit Server VM (25.31-b07 mixed mode windows-amd64 compressed oops)
# Failed to write core dump. Minidumps are not enabled by default on client versions of Windows
#

---------------  T H R E A D  ---------------

Current thread (0x0000000014d8d000):  JavaThread "C2 CompilerThread1" daemon [_thread_in_native, id=4300, stack(0x00000000163a0000,0x00000000164a0000)]

Stack: [0x00000000163a0000,0x00000000164a0000]
Native frames: (J=compiled Java code, j=interpreted, Vv=VM code, C=native code)
V  [jvm.dll+0x3169ba]


Current CompileTask:
C2:   1433  475       4       java.util.TreeMap::put (247 bytes)


---------------  P R O C E S S  ---------------

Java Threads: ( => current thread )
  0x0000000016943000 JavaThread "pool-1-thread-4" [_thread_blocked, id=4504, stack(0x0000000016fa0000,0x00000000170a0000)]
  0x00000000168e0000 JavaThread "pool-1-thread-3" [_thread_blocked, id=624, stack(0x0000000016ea0000,0x0000000016fa0000)]
  0x00000000168da800 JavaThread "pool-1-thread-2" [_thread_blocked, id=4544, stack(0x0000000016da0000,0x0000000016ea0000)]
  0x00000000168d5800 JavaThread "pool-2-thread-1" [_thread_blocked, id=1868, stack(0x0000000016ca0000,0x0000000016da0000)]
  0x00000000168d5000 JavaThread "pool-1-thread-1" [_thread_blocked, id=3456, stack(0x0000000016ba0000,0x0000000016ca0000)]
  0x0000000014d9a000 JavaThread "Service Thread" daemon [_thread_blocked, id=3432, stack(0x00000000165a0000,0x00000000166a0000)]
  0x0000000014d93000 JavaThread "C1 CompilerThread2" daemon [_thread_in_native, id=3748, stack(0x00000000164a0000,0x00000000165a0000)]
=>0x0000000014d8d000 JavaThread "C2 CompilerThread1" daemon [_thread_in_native, id=4300, stack(0x00000000163a0000,0x00000000164a0000)]
  0x0000000014d3b800 JavaThread "C2 CompilerThread0" daemon [_thread_blocked, id=4772, stack(0x00000000162a0000,0x00000000163a0000)]
  0x0000000014d3a000 JavaThread "Attach Listener" daemon [_thread_blocked, id=2988, stack(0x00000000161a0000,0x00000000162a0000)]
  0x0000000014d38800 JavaThread "Signal Dispatcher" daemon [_thread_blocked, id=3276, stack(0x00000000160a0000,0x00000000161a0000)]
  0x0000000002664800 JavaThread "Finalizer" daemon [_thread_blocked, id=4952, stack(0x0000000015fa0000,0x00000000160a0000)]
  0x000000000265c000 JavaThread "Reference Handler" daemon [_thread_blocked, id=1480, stack(0x0000000015ea0000,0x0000000015fa0000)]
  0x0000000002570800 JavaThread "main" [_thread_in_Java, id=304, stack(0x0000000000d00000,0x0000000000e00000)]

Other Threads:
  0x0000000014d05800 VMThread [stack: 0x0000000015da0000,0x0000000015ea0000] [id=2696]
  0x0000000014d9d000 WatcherThread [stack: 0x00000000166a0000,0x00000000167a0000] [id=1556]

VM state:not at safepoint (normal execution)

VM Mutex/Monitor currently owned by a thread: None

Heap:
 PSYoungGen      total 18944K, used 10163K [0x00000000eab00000, 0x00000000ec000000, 0x0000000100000000)
  eden space 16384K, 62% used [0x00000000eab00000,0x00000000eb4ecd40,0x00000000ebb00000)
  from space 2560K, 0% used [0x00000000ebd80000,0x00000000ebd80000,0x00000000ec000000)
  to   space 2560K, 0% used [0x00000000ebb00000,0x00000000ebb00000,0x00000000ebd80000)
 ParOldGen       total 44032K, used 0K [0x00000000c0000000, 0x00000000c2b00000, 0x00000000eab00000)
  object space 44032K, 0% used [0x00000000c0000000,0x00000000c0000000,0x00000000c2b00000)
 Metaspace       used 5341K, capacity 6448K, committed 6528K, reserved 1056768K
  class space    used 576K, capacity 616K, committed 640K, reserved 1048576K

Card table byte_map: [0x0000000011a30000,0x0000000011c40000] byte_map_base: 0x0000000011430000

Marking Bits: (ParMarkBitMap*) 0x000000005217d4f0
 Begin Bits: [0x00000000121a0000, 0x00000000131a0000)
 End Bits:   [0x00000000131a0000, 0x00000000141a0000)

Polling page: 0x0000000000bb0000

CodeCache: size=245760Kb used=2229Kb max_used=2229Kb free=243530Kb
 bounds [0x0000000002670000, 0x00000000028e0000, 0x0000000011670000]
 total_blobs=751 nmethods=487 adapters=177
 compilation: enabled

Compilation events (10 events):
Event: 1.424 Thread 0x0000000014d93000  453       1       com.android.dx.rop.cst.CstType::getClassType (5 bytes)
Event: 1.424 Thread 0x0000000014d93000 nmethod 453 0x0000000002897950 code [0x0000000002897aa0, 0x0000000002897bb0]
Event: 1.424 Thread 0x0000000014d93000  459       1       com.android.dx.cf.code.Frame::getSubroutines (5 bytes)
Event: 1.424 Thread 0x0000000014d93000 nmethod 459 0x0000000002897c10 code [0x0000000002897d60, 0x0000000002897e70]
Event: 1.424 Thread 0x0000000014d93000  474       1       java.util.concurrent.atomic.AtomicInteger::get (5 bytes)
Event: 1.425 Thread 0x0000000014d93000 nmethod 474 0x0000000002897ed0 code [0x0000000002898020, 0x0000000002898130]
Event: 1.425 Thread 0x0000000014d93000  466       1       com.android.dx.cf.code.BaseMachine::getAuxCases (5 bytes)
Event: 1.425 Thread 0x0000000014d93000 nmethod 466 0x0000000002898190 code [0x00000000028982e0, 0x00000000028983f0]
Event: 1.425 Thread 0x0000000014d93000  467       1       com.android.dx.cf.code.BaseMachine::getInitValues (5 bytes)
Event: 1.425 Thread 0x0000000014d93000 nmethod 467 0x0000000002898450 code [0x00000000028985a0, 0x00000000028986b0]

GC Heap History (0 events):
No events

Deoptimization events (4 events):
Event: 1.394 Thread 0x0000000002570800 Uncommon trap: reason=class_check action=maybe_recompile pc=0x0000000002821510 method=com.android.dx.rop.cst.CstMemberRef.compareTo0(Lcom/android/dx/rop/cst/Constant;)I @ 1
Event: 1.400 Thread 0x00000000168d5000 Uncommon trap: reason=class_check action=maybe_recompile pc=0x0000000002821510 method=com.android.dx.rop.cst.CstMemberRef.compareTo0(Lcom/android/dx/rop/cst/Constant;)I @ 1
Event: 1.400 Thread 0x00000000168d5000 Uncommon trap: reason=class_check action=maybe_recompile pc=0x0000000002821510 method=com.android.dx.rop.cst.CstMemberRef.compareTo0(Lcom/android/dx/rop/cst/Constant;)I @ 1
Event: 1.400 Thread 0x00000000168d5000 Uncommon trap: reason=class_check action=maybe_recompile pc=0x0000000002821510 method=com.android.dx.rop.cst.CstMemberRef.compareTo0(Lcom/android/dx/rop/cst/Constant;)I @ 1

Internal exceptions (10 events):
Event: 1.382 Thread 0x0000000002570800 Exception <a 'java/security/PrivilegedActionException'> (0x00000000eb2835e8) thrown at [C:\workspace\8-2-build-windows-amd64-cygwin\jdk8u31\2394\hotspot\src\share\vm\prims\jvm.cpp, line 1312]
Event: 1.383 Thread 0x0000000002570800 Exception <a 'java/security/PrivilegedActionException'> (0x00000000eb2871d8) thrown at [C:\workspace\8-2-build-windows-amd64-cygwin\jdk8u31\2394\hotspot\src\share\vm\prims\jvm.cpp, line 1312]
Event: 1.387 Thread 0x0000000002570800 Exception <a 'java/security/PrivilegedActionException'> (0x00000000eb293dd8) thrown at [C:\workspace\8-2-build-windows-amd64-cygwin\jdk8u31\2394\hotspot\src\share\vm\prims\jvm.cpp, line 1312]
Event: 1.389 Thread 0x0000000002570800 Exception <a 'java/security/PrivilegedActionException'> (0x00000000eb29a410) thrown at [C:\workspace\8-2-build-windows-amd64-cygwin\jdk8u31\2394\hotspot\src\share\vm\prims\jvm.cpp, line 1312]
Event: 1.390 Thread 0x0000000002570800 Exception <a 'java/security/PrivilegedActionException'> (0x00000000eb29eec8) thrown at [C:\workspace\8-2-build-windows-amd64-cygwin\jdk8u31\2394\hotspot\src\share\vm\prims\jvm.cpp, line 1312]
Event: 1.390 Thread 0x0000000002570800 Exception <a 'java/security/PrivilegedActionException'> (0x00000000eb2a4cd0) thrown at [C:\workspace\8-2-build-windows-amd64-cygwin\jdk8u31\2394\hotspot\src\share\vm\prims\jvm.cpp, line 1312]
Event: 1.392 Thread 0x0000000002570800 Exception <a 'java/security/PrivilegedActionException'> (0x00000000eb2add90) thrown at [C:\workspace\8-2-build-windows-amd64-cygwin\jdk8u31\2394\hotspot\src\share\vm\prims\jvm.cpp, line 1312]
Event: 1.393 Thread 0x0000000002570800 Exception <a 'java/security/PrivilegedActionException'> (0x00000000eb44d0e0) thrown at [C:\workspace\8-2-build-windows-amd64-cygwin\jdk8u31\2394\hotspot\src\share\vm\prims\jvm.cpp, line 1312]
Event: 1.393 Thread 0x0000000002570800 Exception <a 'java/security/PrivilegedActionException'> (0x00000000eb4504b8) thrown at [C:\workspace\8-2-build-windows-amd64-cygwin\jdk8u31\2394\hotspot\src\share\vm\prims\jvm.cpp, line 1312]
Event: 1.394 Thread 0x0000000002570800 Exception <a 'java/security/PrivilegedActionException'> (0x00000000eb4576e8) thrown at [C:\workspace\8-2-build-windows-amd64-cygwin\jdk8u31\2394\hotspot\src\share\vm\prims\jvm.cpp, line 1312]

Events (10 events):
Event: 1.394 loading class com/android/dx/cf/code/BytecodeArray$ConstantParserVisitor done
Event: 1.400 Thread 0x00000000168d5000 Uncommon trap: trap_request=0xffffffde fr.pc=0x0000000002821510
Event: 1.400 Thread 0x00000000168d5000 DEOPT PACKING pc=0x0000000002821510 sp=0x0000000016c9ee70
Event: 1.400 Thread 0x00000000168d5000 DEOPT UNPACKING pc=0x00000000026b556a sp=0x0000000016c9edf8 mode 2
Event: 1.400 Thread 0x00000000168d5000 Uncommon trap: trap_request=0xffffffde fr.pc=0x0000000002821510
Event: 1.400 Thread 0x00000000168d5000 DEOPT PACKING pc=0x0000000002821510 sp=0x0000000016c9ee40
Event: 1.400 Thread 0x00000000168d5000 DEOPT UNPACKING pc=0x00000000026b556a sp=0x0000000016c9edc8 mode 2
Event: 1.400 Thread 0x00000000168d5000 Uncommon trap: trap_request=0xffffffde fr.pc=0x0000000002821510
Event: 1.400 Thread 0x00000000168d5000 DEOPT PACKING pc=0x0000000002821510 sp=0x0000000016c9ef80
Event: 1.400 Thread 0x00000000168d5000 DEOPT UNPACKING pc=0x00000000026b556a sp=0x0000000016c9ef08 mode 2


Dynamic libraries:
0x00007ff7830f0000 - 0x00007ff783124000 	C:\Program Files\Java\jdk1.8.0_31\bin\java.exe
0x00007ffe2cc60000 - 0x00007ffe2ce0d000 	C:\Windows\SYSTEM32\ntdll.dll
0x00007ffe2b970000 - 0x00007ffe2baae000 	C:\Windows\system32\KERNEL32.DLL
0x00007ffe29e80000 - 0x00007ffe29f95000 	C:\Windows\system32\KERNELBASE.dll
0x00007ffe28950000 - 0x00007ffe289de000 	C:\Windows\system32\apphelp.dll
0x00007ffe1eec0000 - 0x00007ffe1ef13000 	C:\Windows\AppPatch\AppPatch64\AcGenral.DLL
0x00007ffe2bf00000 - 0x00007ffe2bfaa000 	C:\Windows\system32\msvcrt.dll
0x00007ffe29c50000 - 0x00007ffe29c7e000 	C:\Windows\SYSTEM32\SspiCli.dll
0x00007ffe2cba0000 - 0x00007ffe2cbf4000 	C:\Windows\system32\SHLWAPI.dll
0x00007ffe2c1e0000 - 0x00007ffe2c357000 	C:\Windows\system32\USER32.dll
0x00007ffe2c540000 - 0x00007ffe2c6d4000 	C:\Windows\system32\ole32.dll
0x00007ffe2a440000 - 0x00007ffe2b96a000 	C:\Windows\system32\SHELL32.dll
0x00007ffe293b0000 - 0x00007ffe293d1000 	C:\Windows\SYSTEM32\USERENV.dll
0x00007ffe2c480000 - 0x00007ffe2c52a000 	C:\Windows\system32\ADVAPI32.dll
0x00007ffe1dc70000 - 0x00007ffe1dc8e000 	C:\Windows\SYSTEM32\MPR.dll
0x00007ffe2bdb0000 - 0x00007ffe2bef1000 	C:\Windows\system32\RPCRT4.dll
0x00007ffe2cb30000 - 0x00007ffe2cb89000 	C:\Windows\SYSTEM32\sechost.dll
0x00007ffe2bab0000 - 0x00007ffe2bcc1000 	C:\Windows\SYSTEM32\combase.dll
0x00007ffe2bfb0000 - 0x00007ffe2c100000 	C:\Windows\system32\GDI32.dll
0x00007ffe29db0000 - 0x00007ffe29dc5000 	C:\Windows\SYSTEM32\profapi.dll
0x00007ffe28320000 - 0x00007ffe283d2000 	C:\Windows\SYSTEM32\SHCORE.dll
0x00007ffe2cc00000 - 0x00007ffe2cc36000 	C:\Windows\system32\IMM32.DLL
0x00007ffe2a2e0000 - 0x00007ffe2a432000 	C:\Windows\system32\MSCTF.dll
0x00007ffe26db0000 - 0x00007ffe2702b000 	C:\Windows\WinSxS\amd64_microsoft.windows.common-controls_6595b64144ccf1df_6.0.9600.18006_none_623f33d3ecbe86e8\COMCTL32.dll
0x0000000051520000 - 0x00000000515f2000 	C:\Program Files\Java\jdk1.8.0_31\jre\bin\msvcr100.dll
0x00000000519a0000 - 0x00000000521fa000 	C:\Program Files\Java\jdk1.8.0_31\jre\bin\server\jvm.dll
0x00007ffe22a40000 - 0x00007ffe22a49000 	C:\Windows\SYSTEM32\WSOCK32.dll
0x00007ffe25320000 - 0x00007ffe25342000 	C:\Windows\SYSTEM32\WINMM.dll
0x00007ffe2c530000 - 0x00007ffe2c537000 	C:\Windows\system32\PSAPI.DLL
0x00007ffe2c360000 - 0x00007ffe2c3ba000 	C:\Windows\system32\WS2_32.dll
0x00007ffe24d80000 - 0x00007ffe24daa000 	C:\Windows\SYSTEM32\WINMMBASE.dll
0x00007ffe2cb90000 - 0x00007ffe2cb99000 	C:\Windows\system32\NSI.dll
0x00007ffe2a180000 - 0x00007ffe2a1cf000 	C:\Windows\SYSTEM32\cfgmgr32.dll
0x00007ffe28ba0000 - 0x00007ffe28bc8000 	C:\Windows\SYSTEM32\DEVOBJ.dll
0x0000000051990000 - 0x000000005199f000 	C:\Program Files\Java\jdk1.8.0_31\jre\bin\verify.dll
0x0000000051960000 - 0x0000000051988000 	C:\Program Files\Java\jdk1.8.0_31\jre\bin\java.dll
0x0000000051940000 - 0x0000000051956000 	C:\Program Files\Java\jdk1.8.0_31\jre\bin\zip.dll
0x00007ffe22610000 - 0x00007ffe22799000 	C:\Windows\SYSTEM32\dbghelp.dll

VM Arguments:
jvm_args: -Djava.awt.headless=true -Xmx1024M -Dfile.encoding=windows-1252 -Duser.country=BR -Duser.language=pt -Duser.variant 
java_command: com.android.dx.command.Main --dex --num-threads=4 --output C:\Users\William\AndroidStudioProjects\JustJava\app\build\intermediates\pre-dexed\debug\debug_98b4ed2975ad87be990fc6d93e6d20200d530703.jar C:\Users\William\AndroidStudioProjects\JustJava\app\build\intermediates\classes\debug
java_class_path (initial): C:\Users\William\AppData\Local\Android\android-sdk\build-tools\23.0.2\lib\dx.jar
Launcher Type: SUN_STANDARD

Environment Variables:
PATH=C:\ProgramData\Oracle\Java\javapath;C:\Windows\system32;C:\Windows;C:\Windows\System32\Wbem;C:\Windows\System32\WindowsPowerShell\v1.0\;C:\Program Files (x86)\ATI Technologies\ATI.ACE\Core-Static;C:\Program Files (x86)\Windows Live\Shared;C:\Program Files (x86)\Skype\Phone\;C:\Program Files\Java\jdk1.8.0_31\bin
USERNAME=William
OS=Windows_NT
PROCESSOR_IDENTIFIER=Intel64 Family 6 Model 42 Stepping 7, GenuineIntel



---------------  S Y S T E M  ---------------

OS: Windows 8.1 , 64 bit Build 9600 

CPU:total 4 (2 cores per cpu, 2 threads per core) family 6 model 42 stepping 7, cmov, cx8, fxsr, mmx, sse, sse2, sse3, ssse3, sse4.1, sse4.2, popcnt, avx, aes, clmul, ht, tsc, tscinvbit

Memory: 4k page, physical 4140908k(756096k free), swap 4140908k(5108k free)

vm_info: Java HotSpot(TM) 64-Bit Server VM (25.31-b07) for windows-amd64 JRE (1.8.0_31-b13), built on Dec 17 2014 21:00:28 by "java_re" with MS VC++ 10.0 (VS2010)

time: Thu Mar 03 10:01:07 2016
elapsed time: 1 seconds (0d 0h 0m 1s)

