#
# There is insufficient memory for the Java Runtime Environment to continue.
# Native memory allocation (malloc) failed to allocate 55680 bytes for Chunk::new
# Possible reasons:
#   The system is out of physical RAM or swap space
#   In 32 bit mode, the process size limit was hit
# Possible solutions:
#   Reduce memory load on the system
#   Increase physical memory or swap space
#   Check if swap backing store is full
#   Use 64 bit Java on a 64 bit OS
#   Decrease Java heap size (-Xmx/-Xms)
#   Decrease number of Java threads
#   Decrease Java thread stack sizes (-Xss)
#   Set larger code cache with -XX:ReservedCodeCacheSize=
# This output file may be truncated or incomplete.
#
#  Out of Memory Error (allocation.cpp:390), pid=4112, tid=832
#
# JRE version: Java(TM) SE Runtime Environment (8.0_31-b13) (build 1.8.0_31-b13)
# Java VM: Java HotSpot(TM) 64-Bit Server VM (25.31-b07 mixed mode windows-amd64 compressed oops)
# Failed to write core dump. Minidumps are not enabled by default on client versions of Windows
#

---------------  T H R E A D  ---------------

Current thread (0x000000001520b800):  JavaThread "C2 CompilerThread0" daemon [_thread_in_native, id=832, stack(0x0000000016760000,0x0000000016860000)]

Stack: [0x0000000016760000,0x0000000016860000]
Native frames: (J=compiled Java code, j=interpreted, Vv=VM code, C=native code)
V  [jvm.dll+0x3169ba]
V  [jvm.dll+0x2674c3]
V  [jvm.dll+0x268103]
V  [jvm.dll+0x25f8f5]
V  [jvm.dll+0xbf025]
V  [jvm.dll+0xbf4cc]
V  [jvm.dll+0xbf774]
V  [jvm.dll+0xdd185]
V  [jvm.dll+0x496664]
V  [jvm.dll+0x4a24a5]
V  [jvm.dll+0x4b0f29]
V  [jvm.dll+0x4b15d6]
V  [jvm.dll+0x4b16ab]
V  [jvm.dll+0x4b16f7]
V  [jvm.dll+0x4b16f7]
V  [jvm.dll+0x4b16f7]
V  [jvm.dll+0x4b16f7]
V  [jvm.dll+0x49f7e3]
V  [jvm.dll+0x453401]
V  [jvm.dll+0x454124]
V  [jvm.dll+0x437c62]
V  [jvm.dll+0x988e2]
V  [jvm.dll+0x990d3]
V  [jvm.dll+0x22c194]
V  [jvm.dll+0x28576a]
C  [msvcr100.dll+0x21d9f]
C  [msvcr100.dll+0x21e3b]
C  [KERNEL32.DLL+0x13d2]
C  [ntdll.dll+0x154e4]


Current CompileTask:
C2:   8680 1398       4       com.android.dx.ssa.LocalVariableInfo::mergeStarts (59 bytes)


---------------  P R O C E S S  ---------------

Java Threads: ( => current thread )
  0x00000000170fc800 JavaThread "pool-1-thread-4" [_thread_in_Java, id=3344, stack(0x0000000017c60000,0x0000000017d60000)]
  0x0000000016f8d000 JavaThread "pool-1-thread-3" [_thread_in_Java, id=4956, stack(0x0000000017b60000,0x0000000017c60000)]
  0x0000000016f8c800 JavaThread "pool-1-thread-2" [_thread_in_Java, id=1332, stack(0x0000000017a60000,0x0000000017b60000)]
  0x0000000016f42800 JavaThread "pool-2-thread-1" [_thread_blocked, id=2576, stack(0x0000000017960000,0x0000000017a60000)]
  0x000000001703e800 JavaThread "pool-1-thread-1" [_thread_in_Java, id=4664, stack(0x0000000017860000,0x0000000017960000)]
  0x000000001526a000 JavaThread "Service Thread" daemon [_thread_blocked, id=2784, stack(0x0000000016a60000,0x0000000016b60000)]
  0x000000001525f800 JavaThread "C1 CompilerThread2" daemon [_thread_in_native, id=2980, stack(0x0000000016960000,0x0000000016a60000)]
  0x000000001520e800 JavaThread "C2 CompilerThread1" daemon [_thread_in_native, id=1140, stack(0x0000000016860000,0x0000000016960000)]
=>0x000000001520b800 JavaThread "C2 CompilerThread0" daemon [_thread_in_native, id=832, stack(0x0000000016760000,0x0000000016860000)]
  0x000000001520a000 JavaThread "Attach Listener" daemon [_thread_blocked, id=4436, stack(0x0000000016660000,0x0000000016760000)]
  0x0000000015208800 JavaThread "Signal Dispatcher" daemon [_thread_blocked, id=4428, stack(0x0000000016560000,0x0000000016660000)]
  0x0000000002b2f000 JavaThread "Finalizer" daemon [_thread_blocked, id=4120, stack(0x0000000016460000,0x0000000016560000)]
  0x0000000002b2c000 JavaThread "Reference Handler" daemon [_thread_blocked, id=2440, stack(0x0000000016360000,0x0000000016460000)]
  0x0000000002a40800 JavaThread "main" [_thread_in_Java, id=4128, stack(0x0000000002900000,0x0000000002a00000)]

Other Threads:
  0x00000000151d5800 VMThread [stack: 0x0000000016260000,0x0000000016360000] [id=3636]
  0x000000001526d000 WatcherThread [stack: 0x0000000016b60000,0x0000000016c60000] [id=4252]

VM state:not at safepoint (normal execution)

VM Mutex/Monitor currently owned by a thread: None

Heap:
 PSYoungGen      total 73728K, used 72191K [0x00000000eab00000, 0x00000000eff00000, 0x0000000100000000)
  eden space 64512K, 99% used [0x00000000eab00000,0x00000000ee9bf2b8,0x00000000eea00000)
  from space 9216K, 86% used [0x00000000ef400000,0x00000000efbc09a8,0x00000000efd00000)
  to   space 10240K, 0% used [0x00000000eea00000,0x00000000eea00000,0x00000000ef400000)
 ParOldGen       total 44032K, used 12477K [0x00000000c0000000, 0x00000000c2b00000, 0x00000000eab00000)
  object space 44032K, 28% used [0x00000000c0000000,0x00000000c0c2f700,0x00000000c2b00000)
 Metaspace       used 6155K, capacity 7088K, committed 7296K, reserved 1056768K
  class space    used 594K, capacity 616K, committed 640K, reserved 1048576K

Card table byte_map: [0x0000000011f00000,0x0000000012110000] byte_map_base: 0x0000000011900000

Marking Bits: (ParMarkBitMap*) 0x000000005217d4f0
 Begin Bits: [0x0000000012670000, 0x0000000013670000)
 End Bits:   [0x0000000013670000, 0x0000000014670000)

Polling page: 0x0000000001070000

CodeCache: size=245760Kb used=5565Kb max_used=5565Kb free=240194Kb
 bounds [0x0000000002b40000, 0x00000000030c0000, 0x0000000011b40000]
 total_blobs=1668 nmethods=1402 adapters=178
 compilation: enabled

Compilation events (10 events):
Event: 5.497 Thread 0x000000001525f800 1394       3       com.android.dx.cf.code.Ropper::addExceptionSetupBlocks (203 bytes)
Event: 5.500 Thread 0x000000001525f800 nmethod 1394 0x000000000309e7d0 code [0x000000000309eba0, 0x00000000030a0ee8]
Event: 5.500 Thread 0x000000001525f800 1395       3       com.android.dx.ssa.SCCP::replaceConstants (209 bytes)
Event: 5.502 Thread 0x000000001525f800 nmethod 1395 0x00000000030a2950 code [0x00000000030a2c60, 0x00000000030a47b8]
Event: 5.502 Thread 0x000000001525f800 1396       3       com.android.dx.ssa.SCCP::replaceBranches (142 bytes)
Event: 5.504 Thread 0x000000001525f800 nmethod 1396 0x00000000030a5690 code [0x00000000030a58e0, 0x00000000030a6888]
Event: 5.879 Thread 0x000000001520b800 

Event: 5.882 Thread 0x000000001520e800 

Event: 7.674 Thread 0x000000001520b800 1398       4       com.android.dx.ssa.LocalVariableInfo::mergeStarts (59 bytes)
Event: 7.674 Thread 0x000000001520e800 1399 %     4       com.android.dx.ssa.LocalVariableExtractor::processBlock @ 119 (383 bytes)

GC Heap History (10 events):
Event: 2.411 GC heap before
{Heap before GC invocations=1 (full 0):
 PSYoungGen      total 18944K, used 16384K [0x00000000eab00000, 0x00000000ec000000, 0x0000000100000000)
  eden space 16384K, 100% used [0x00000000eab00000,0x00000000ebb00000,0x00000000ebb00000)
  from space 2560K, 0% used [0x00000000ebd80000,0x00000000ebd80000,0x00000000ec000000)
  to   space 2560K, 0% used [0x00000000ebb00000,0x00000000ebb00000,0x00000000ebd80000)
 ParOldGen       total 44032K, used 0K [0x00000000c0000000, 0x00000000c2b00000, 0x00000000eab00000)
  object space 44032K, 0% used [0x00000000c0000000,0x00000000c0000000,0x00000000c2b00000)
 Metaspace       used 3875K, capacity 5040K, committed 5120K, reserved 1056768K
  class space    used 428K, capacity 488K, committed 512K, reserved 1048576K
Event: 2.414 GC heap after
Heap after GC invocations=1 (full 0):
 PSYoungGen      total 18944K, used 1444K [0x00000000eab00000, 0x00000000ec000000, 0x0000000100000000)
  eden space 16384K, 0% used [0x00000000eab00000,0x00000000eab00000,0x00000000ebb00000)
  from space 2560K, 56% used [0x00000000ebb00000,0x00000000ebc692d8,0x00000000ebd80000)
  to   space 2560K, 0% used [0x00000000ebd80000,0x00000000ebd80000,0x00000000ec000000)
 ParOldGen       total 44032K, used 8K [0x00000000c0000000, 0x00000000c2b00000, 0x00000000eab00000)
  object space 44032K, 0% used [0x00000000c0000000,0x00000000c0002000,0x00000000c2b00000)
 Metaspace       used 3875K, capacity 5040K, committed 5120K, reserved 1056768K
  class space    used 428K, capacity 488K, committed 512K, reserved 1048576K
}
Event: 4.494 GC heap before
{Heap before GC invocations=2 (full 0):
 PSYoungGen      total 18944K, used 17828K [0x00000000eab00000, 0x00000000ec000000, 0x0000000100000000)
  eden space 16384K, 100% used [0x00000000eab00000,0x00000000ebb00000,0x00000000ebb00000)
  from space 2560K, 56% used [0x00000000ebb00000,0x00000000ebc692d8,0x00000000ebd80000)
  to   space 2560K, 0% used [0x00000000ebd80000,0x00000000ebd80000,0x00000000ec000000)
 ParOldGen       total 44032K, used 8K [0x00000000c0000000, 0x00000000c2b00000, 0x00000000eab00000)
  object space 44032K, 0% used [0x00000000c0000000,0x00000000c0002000,0x00000000c2b00000)
 Metaspace       used 5893K, capacity 6832K, committed 7040K, reserved 1056768K
  class space    used 591K, capacity 616K, committed 640K, reserved 1048576K
Event: 4.606 GC heap after
Heap after GC invocations=2 (full 0):
 PSYoungGen      total 18944K, used 2553K [0x00000000eab00000, 0x00000000ed000000, 0x0000000100000000)
  eden space 16384K, 0% used [0x00000000eab00000,0x00000000eab00000,0x00000000ebb00000)
  from space 2560K, 99% used [0x00000000ebd80000,0x00000000ebffe5f8,0x00000000ec000000)
  to   space 2560K, 0% used [0x00000000ebb00000,0x00000000ebb00000,0x00000000ebd80000)
 ParOldGen       total 44032K, used 2300K [0x00000000c0000000, 0x00000000c2b00000, 0x00000000eab00000)
  object space 44032K, 5% used [0x00000000c0000000,0x00000000c023f238,0x00000000c2b00000)
 Metaspace       used 5893K, capacity 6832K, committed 7040K, reserved 1056768K
  class space    used 591K, capacity 616K, committed 640K, reserved 1048576K
}
Event: 5.506 GC heap before
{Heap before GC invocations=3 (full 0):
 PSYoungGen      total 18944K, used 18937K [0x00000000eab00000, 0x00000000ed000000, 0x0000000100000000)
  eden space 16384K, 100% used [0x00000000eab00000,0x00000000ebb00000,0x00000000ebb00000)
  from space 2560K, 99% used [0x00000000ebd80000,0x00000000ebffe5f8,0x00000000ec000000)
  to   space 2560K, 0% used [0x00000000ebb00000,0x00000000ebb00000,0x00000000ebd80000)
 ParOldGen       total 44032K, used 2300K [0x00000000c0000000, 0x00000000c2b00000, 0x00000000eab00000)
  object space 44032K, 5% used [0x00000000c0000000,0x00000000c023f238,0x00000000c2b00000)
 Metaspace       used 6048K, capacity 6960K, committed 7040K, reserved 1056768K
  class space    used 593K, capacity 616K, committed 640K, reserved 1048576K
Event: 5.873 GC heap after
Heap after GC invocations=3 (full 0):
 PSYoungGen      total 18944K, used 2559K [0x00000000eab00000, 0x00000000ed000000, 0x0000000100000000)
  eden space 16384K, 0% used [0x00000000eab00000,0x00000000eab00000,0x00000000ebb00000)
  from space 2560K, 99% used [0x00000000ebb00000,0x00000000ebd7fd58,0x00000000ebd80000)
  to   space 2560K, 0% used [0x00000000ecd80000,0x00000000ecd80000,0x00000000ed000000)
 ParOldGen       total 44032K, used 5044K [0x00000000c0000000, 0x00000000c2b00000, 0x00000000eab00000)
  object space 44032K, 11% used [0x00000000c0000000,0x00000000c04ed0a0,0x00000000c2b00000)
 Metaspace       used 6048K, capacity 6960K, committed 7040K, reserved 1056768K
  class space    used 593K, capacity 616K, committed 640K, reserved 1048576K
}
Event: 6.057 GC heap before
{Heap before GC invocations=4 (full 0):
 PSYoungGen      total 18944K, used 18943K [0x00000000eab00000, 0x00000000ed000000, 0x0000000100000000)
  eden space 16384K, 100% used [0x00000000eab00000,0x00000000ebb00000,0x00000000ebb00000)
  from space 2560K, 99% used [0x00000000ebb00000,0x00000000ebd7fd58,0x00000000ebd80000)
  to   space 2560K, 0% used [0x00000000ecd80000,0x00000000ecd80000,0x00000000ed000000)
 ParOldGen       total 44032K, used 5044K [0x00000000c0000000, 0x00000000c2b00000, 0x00000000eab00000)
  object space 44032K, 11% used [0x00000000c0000000,0x00000000c04ed0a0,0x00000000c2b00000)
 Metaspace       used 6118K, capacity 7024K, committed 7296K, reserved 1056768K
  class space    used 593K, capacity 616K, committed 640K, reserved 1048576K
Event: 6.546 GC heap after
Heap after GC invocations=4 (full 0):
 PSYoungGen      total 35328K, used 2532K [0x00000000eab00000, 0x00000000ed000000, 0x0000000100000000)
  eden space 32768K, 0% used [0x00000000eab00000,0x00000000eab00000,0x00000000ecb00000)
  from space 2560K, 98% used [0x00000000ecd80000,0x00000000ecff9028,0x00000000ed000000)
  to   space 2560K, 0% used [0x00000000ecb00000,0x00000000ecb00000,0x00000000ecd80000)
 ParOldGen       total 44032K, used 7616K [0x00000000c0000000, 0x00000000c2b00000, 0x00000000eab00000)
  object space 44032K, 17% used [0x00000000c0000000,0x00000000c07701a0,0x00000000c2b00000)
 Metaspace       used 6118K, capacity 7024K, committed 7296K, reserved 1056768K
  class space    used 593K, capacity 616K, committed 640K, reserved 1048576K
}
Event: 7.403 GC heap before
{Heap before GC invocations=5 (full 0):
 PSYoungGen      total 35328K, used 35300K [0x00000000eab00000, 0x00000000ed000000, 0x0000000100000000)
  eden space 32768K, 100% used [0x00000000eab00000,0x00000000ecb00000,0x00000000ecb00000)
  from space 2560K, 98% used [0x00000000ecd80000,0x00000000ecff9028,0x00000000ed000000)
  to   space 2560K, 0% used [0x00000000ecb00000,0x00000000ecb00000,0x00000000ecd80000)
 ParOldGen       total 44032K, used 7616K [0x00000000c0000000, 0x00000000c2b00000, 0x00000000eab00000)
  object space 44032K, 17% used [0x00000000c0000000,0x00000000c07701a0,0x00000000c2b00000)
 Metaspace       used 6142K, capacity 7088K, committed 7296K, reserved 1056768K
  class space    used 594K, capacity 616K, committed 640K, reserved 1048576K
Event: 7.669 GC heap after
Heap after GC invocations=5 (full 0):
 PSYoungGen      total 35328K, used 2529K [0x00000000eab00000, 0x00000000efd00000, 0x0000000100000000)
  eden space 32768K, 0% used [0x00000000eab00000,0x00000000eab00000,0x00000000ecb00000)
  from space 2560K, 98% used [0x00000000ecb00000,0x00000000ecd786c0,0x00000000ecd80000)
  to   space 9216K, 0% used [0x00000000ef400000,0x00000000ef400000,0x00000000efd00000)
 ParOldGen       total 44032K, used 12469K [0x00000000c0000000, 0x00000000c2b00000, 0x00000000eab00000)
  object space 44032K, 28% used [0x00000000c0000000,0x00000000c0c2d700,0x00000000c2b00000)
 Metaspace       used 6142K, capacity 7088K, committed 7296K, reserved 1056768K
  class space    used 594K, capacity 616K, committed 640K, reserved 1048576K
}

Deoptimization events (10 events):
Event: 6.057 Thread 0x0000000002a40800 Uncommon trap: reason=bimorphic action=maybe_recompile pc=0x0000000003029860 method=com.android.dx.cf.code.BytecodeArray.parseInstruction(ILcom/android/dx/cf/code/BytecodeArray$Visitor;)I @ 1224
Event: 6.552 Thread 0x0000000002a40800 Uncommon trap: reason=bimorphic action=maybe_recompile pc=0x0000000003029348 method=com.android.dx.cf.code.BytecodeArray.parseInstruction(ILcom/android/dx/cf/code/BytecodeArray$Visitor;)I @ 923
Event: 6.558 Thread 0x0000000002a40800 Uncommon trap: reason=bimorphic action=maybe_recompile pc=0x0000000002d81d50 method=java.util.HashMap.getNode(ILjava/lang/Object;)Ljava/util/HashMap$Node; @ 126
Event: 6.558 Thread 0x0000000002a40800 Uncommon trap: reason=class_check action=maybe_recompile pc=0x0000000003069b78 method=java.util.HashMap.putVal(ILjava/lang/Object;Ljava/lang/Object;ZZ)Ljava/lang/Object; @ 203
Event: 6.558 Thread 0x0000000002a40800 Uncommon trap: reason=bimorphic action=maybe_recompile pc=0x0000000002d81d50 method=java.util.HashMap.getNode(ILjava/lang/Object;)Ljava/util/HashMap$Node; @ 126
Event: 6.558 Thread 0x0000000002a40800 Uncommon trap: reason=class_check action=maybe_recompile pc=0x0000000003069b78 method=java.util.HashMap.putVal(ILjava/lang/Object;Ljava/lang/Object;ZZ)Ljava/lang/Object; @ 203
Event: 6.558 Thread 0x0000000002a40800 Uncommon trap: reason=bimorphic action=maybe_recompile pc=0x0000000002d81d50 method=java.util.HashMap.getNode(ILjava/lang/Object;)Ljava/util/HashMap$Node; @ 126
Event: 6.558 Thread 0x0000000002a40800 Uncommon trap: reason=bimorphic action=maybe_recompile pc=0x0000000002d81d50 method=java.util.HashMap.getNode(ILjava/lang/Object;)Ljava/util/HashMap$Node; @ 126
Event: 6.558 Thread 0x0000000002a40800 Uncommon trap: reason=class_check action=maybe_recompile pc=0x0000000003069b78 method=java.util.HashMap.putVal(ILjava/lang/Object;Ljava/lang/Object;ZZ)Ljava/lang/Object; @ 203
Event: 6.908 Thread 0x0000000002a40800 Uncommon trap: reason=unreached action=reinterpret pc=0x0000000002ff56dc method=com.android.dx.ssa.SsaMethod.updateOneDefinition(Lcom/android/dx/ssa/SsaInsn;Lcom/android/dx/rop/code/RegisterSpec;)V @ 4

Internal exceptions (10 events):
Event: 3.595 Thread 0x00000000170fc800 Exception <a 'java/security/PrivilegedActionException'> (0x00000000eb2a4ee0) thrown at [C:\workspace\8-2-build-windows-amd64-cygwin\jdk8u31\2394\hotspot\src\share\vm\prims\jvm.cpp, line 1312]
Event: 3.597 Thread 0x00000000170fc800 Exception <a 'java/security/PrivilegedActionException'> (0x00000000eb2aaa00) thrown at [C:\workspace\8-2-build-windows-amd64-cygwin\jdk8u31\2394\hotspot\src\share\vm\prims\jvm.cpp, line 1312]
Event: 3.598 Thread 0x00000000170fc800 Exception <a 'java/security/PrivilegedActionException'> (0x00000000eb2b0220) thrown at [C:\workspace\8-2-build-windows-amd64-cygwin\jdk8u31\2394\hotspot\src\share\vm\prims\jvm.cpp, line 1312]
Event: 3.603 Thread 0x000000001703e800 Exception <a 'java/security/PrivilegedActionException'> (0x00000000eb2ccb00) thrown at [C:\workspace\8-2-build-windows-amd64-cygwin\jdk8u31\2394\hotspot\src\share\vm\prims\jvm.cpp, line 1312]
Event: 3.872 Thread 0x0000000016f8d000 Exception <a 'java/security/PrivilegedActionException'> (0x00000000eb4c40c8) thrown at [C:\workspace\8-2-build-windows-amd64-cygwin\jdk8u31\2394\hotspot\src\share\vm\prims\jvm.cpp, line 1312]
Event: 4.179 Thread 0x000000001703e800 Exception <a 'java/security/PrivilegedActionException'> (0x00000000eb875ae8) thrown at [C:\workspace\8-2-build-windows-amd64-cygwin\jdk8u31\2394\hotspot\src\share\vm\prims\jvm.cpp, line 1312]
Event: 4.490 Thread 0x0000000016f8c800 Implicit null exception at 0x0000000002f4f822 to 0x0000000002f4f912
Event: 4.782 Thread 0x00000000170fc800 Exception <a 'java/security/PrivilegedActionException'> (0x00000000eb1128a0) thrown at [C:\workspace\8-2-build-windows-amd64-cygwin\jdk8u31\2394\hotspot\src\share\vm\prims\jvm.cpp, line 1312]
Event: 6.900 Thread 0x0000000002a40800 Exception <a 'java/security/PrivilegedActionException'> (0x00000000eb072c18) thrown at [C:\workspace\8-2-build-windows-amd64-cygwin\jdk8u31\2394\hotspot\src\share\vm\prims\jvm.cpp, line 1312]
Event: 6.907 Thread 0x0000000002a40800 Exception <a 'java/security/PrivilegedActionException'> (0x00000000eb986488) thrown at [C:\workspace\8-2-build-windows-amd64-cygwin\jdk8u31\2394\hotspot\src\share\vm\prims\jvm.cpp, line 1312]

Events (10 events):
Event: 7.669 Executing VM operation: ParallelGCFailedAllocation done
Event: 7.669 Thread 0x000000001520e800 flushing nmethod 0x0000000002c47d90
Event: 7.669 Thread 0x000000001520e800 flushing nmethod 0x0000000002c486d0
Event: 7.669 Thread 0x000000001520e800 flushing nmethod 0x0000000002c4a550
Event: 7.669 Thread 0x000000001520e800 flushing nmethod 0x0000000002c4abd0
Event: 7.669 Thread 0x000000001520e800 flushing nmethod 0x0000000002c7a5d0
Event: 7.669 Thread 0x000000001520e800 flushing nmethod 0x0000000002c87d10
Event: 7.669 Thread 0x000000001520e800 flushing nmethod 0x0000000002cbb190
Event: 7.669 Thread 0x000000001520e800 flushing nmethod 0x0000000002cbca90
Event: 7.669 Thread 0x000000001520e800 flushing nmethod 0x0000000002cbd950


Dynamic libraries:
0x00007ff7830f0000 - 0x00007ff783124000 	C:\Program Files\Java\jdk1.8.0_31\bin\java.exe
0x00007ffe2cc60000 - 0x00007ffe2ce0d000 	C:\Windows\SYSTEM32\ntdll.dll
0x00007ffe2b970000 - 0x00007ffe2baae000 	C:\Windows\system32\KERNEL32.DLL
0x00007ffe29e80000 - 0x00007ffe29f95000 	C:\Windows\system32\KERNELBASE.dll
0x00007ffe28950000 - 0x00007ffe289de000 	C:\Windows\system32\apphelp.dll
0x00007ffe1eec0000 - 0x00007ffe1ef13000 	C:\Windows\AppPatch\AppPatch64\AcGenral.DLL
0x00007ffe2bf00000 - 0x00007ffe2bfaa000 	C:\Windows\system32\msvcrt.dll
0x00007ffe29c50000 - 0x00007ffe29c7e000 	C:\Windows\SYSTEM32\SspiCli.dll
0x00007ffe2cba0000 - 0x00007ffe2cbf4000 	C:\Windows\system32\SHLWAPI.dll
0x00007ffe2c1e0000 - 0x00007ffe2c357000 	C:\Windows\system32\USER32.dll
0x00007ffe2c540000 - 0x00007ffe2c6d4000 	C:\Windows\system32\ole32.dll
0x00007ffe2a440000 - 0x00007ffe2b96a000 	C:\Windows\system32\SHELL32.dll
0x00007ffe293b0000 - 0x00007ffe293d1000 	C:\Windows\SYSTEM32\USERENV.dll
0x00007ffe2c480000 - 0x00007ffe2c52a000 	C:\Windows\system32\ADVAPI32.dll
0x00007ffe1dc70000 - 0x00007ffe1dc8e000 	C:\Windows\SYSTEM32\MPR.dll
0x00007ffe2bdb0000 - 0x00007ffe2bef1000 	C:\Windows\system32\RPCRT4.dll
0x00007ffe2cb30000 - 0x00007ffe2cb89000 	C:\Windows\SYSTEM32\sechost.dll
0x00007ffe2bab0000 - 0x00007ffe2bcc1000 	C:\Windows\SYSTEM32\combase.dll
0x00007ffe2bfb0000 - 0x00007ffe2c100000 	C:\Windows\system32\GDI32.dll
0x00007ffe29db0000 - 0x00007ffe29dc5000 	C:\Windows\SYSTEM32\profapi.dll
0x00007ffe28320000 - 0x00007ffe283d2000 	C:\Windows\SYSTEM32\SHCORE.dll
0x00007ffe2cc00000 - 0x00007ffe2cc36000 	C:\Windows\system32\IMM32.DLL
0x00007ffe2a2e0000 - 0x00007ffe2a432000 	C:\Windows\system32\MSCTF.dll
0x00007ffe26db0000 - 0x00007ffe2702b000 	C:\Windows\WinSxS\amd64_microsoft.windows.common-controls_6595b64144ccf1df_6.0.9600.18006_none_623f33d3ecbe86e8\COMCTL32.dll
0x0000000051520000 - 0x00000000515f2000 	C:\Program Files\Java\jdk1.8.0_31\jre\bin\msvcr100.dll
0x00000000519a0000 - 0x00000000521fa000 	C:\Program Files\Java\jdk1.8.0_31\jre\bin\server\jvm.dll
0x00007ffe22a40000 - 0x00007ffe22a49000 	C:\Windows\SYSTEM32\WSOCK32.dll
0x00007ffe25320000 - 0x00007ffe25342000 	C:\Windows\SYSTEM32\WINMM.dll
0x00007ffe2c530000 - 0x00007ffe2c537000 	C:\Windows\system32\PSAPI.DLL
0x00007ffe2c360000 - 0x00007ffe2c3ba000 	C:\Windows\system32\WS2_32.dll
0x00007ffe24d80000 - 0x00007ffe24daa000 	C:\Windows\SYSTEM32\WINMMBASE.dll
0x00007ffe2cb90000 - 0x00007ffe2cb99000 	C:\Windows\system32\NSI.dll
0x00007ffe2a180000 - 0x00007ffe2a1cf000 	C:\Windows\SYSTEM32\cfgmgr32.dll
0x00007ffe28ba0000 - 0x00007ffe28bc8000 	C:\Windows\SYSTEM32\DEVOBJ.dll
0x0000000051990000 - 0x000000005199f000 	C:\Program Files\Java\jdk1.8.0_31\jre\bin\verify.dll
0x0000000051960000 - 0x0000000051988000 	C:\Program Files\Java\jdk1.8.0_31\jre\bin\java.dll
0x0000000051940000 - 0x0000000051956000 	C:\Program Files\Java\jdk1.8.0_31\jre\bin\zip.dll
0x00007ffe22610000 - 0x00007ffe22799000 	C:\Windows\SYSTEM32\dbghelp.dll

VM Arguments:
jvm_args: -Djava.awt.headless=true -Xmx1024M -Dfile.encoding=windows-1252 -Duser.country=BR -Duser.language=pt -Duser.variant 
java_command: com.android.dx.command.Main --dex --num-threads=4 --output C:\Users\William\AndroidStudioProjects\JustJava\app\build\intermediates\pre-dexed\debug\com.android.support-support-v4-23.1.1_4a32c696827f8a0c1010a0ec294691af91fc8b59.jar C:\Users\William\AndroidStudioProjects\JustJava\app\build\intermediates\exploded-aar\com.android.support\support-v4\23.1.1\jars\classes.jar
java_class_path (initial): C:\Users\William\AppData\Local\Android\android-sdk\build-tools\23.0.2\lib\dx.jar
Launcher Type: SUN_STANDARD

Environment Variables:
PATH=C:\ProgramData\Oracle\Java\javapath;C:\Windows\system32;C:\Windows;C:\Windows\System32\Wbem;C:\Windows\System32\WindowsPowerShell\v1.0\;C:\Program Files (x86)\ATI Technologies\ATI.ACE\Core-Static;C:\Program Files (x86)\Windows Live\Shared;C:\Program Files (x86)\Skype\Phone\;C:\Program Files\Java\jdk1.8.0_31\bin
USERNAME=William
OS=Windows_NT
PROCESSOR_IDENTIFIER=Intel64 Family 6 Model 42 Stepping 7, GenuineIntel



---------------  S Y S T E M  ---------------

OS: Windows 8.1 , 64 bit Build 9600 

CPU:total 4 (2 cores per cpu, 2 threads per core) family 6 model 42 stepping 7, cmov, cx8, fxsr, mmx, sse, sse2, sse3, ssse3, sse4.1, sse4.2, popcnt, avx, aes, clmul, ht, tsc, tscinvbit

Memory: 4k page, physical 4140908k(768100k free), swap 4140908k(30144k free)

vm_info: Java HotSpot(TM) 64-Bit Server VM (25.31-b07) for windows-amd64 JRE (1.8.0_31-b13), built on Dec 17 2014 21:00:28 by "java_re" with MS VC++ 10.0 (VS2010)

time: Thu Mar 03 09:48:39 2016
elapsed time: 8 seconds (0d 0h 0m 8s)

