#
# There is insufficient memory for the Java Runtime Environment to continue.
# Native memory allocation (malloc) failed to allocate 294336 bytes for Chunk::new
# Possible reasons:
#   The system is out of physical RAM or swap space
#   In 32 bit mode, the process size limit was hit
# Possible solutions:
#   Reduce memory load on the system
#   Increase physical memory or swap space
#   Check if swap backing store is full
#   Use 64 bit Java on a 64 bit OS
#   Decrease Java heap size (-Xmx/-Xms)
#   Decrease number of Java threads
#   Decrease Java thread stack sizes (-Xss)
#   Set larger code cache with -XX:ReservedCodeCacheSize=
# This output file may be truncated or incomplete.
#
#  Out of Memory Error (allocation.cpp:390), pid=32, tid=804
#
# JRE version: Java(TM) SE Runtime Environment (8.0_31-b13) (build 1.8.0_31-b13)
# Java VM: Java HotSpot(TM) 64-Bit Server VM (25.31-b07 mixed mode windows-amd64 compressed oops)
# Failed to write core dump. Minidumps are not enabled by default on client versions of Windows
#

---------------  T H R E A D  ---------------

Current thread (0x000000001446c800):  JavaThread "C2 CompilerThread0" daemon [_thread_in_native, id=804, stack(0x00000000159d0000,0x0000000015ad0000)]

Stack: [0x00000000159d0000,0x0000000015ad0000]
Native frames: (J=compiled Java code, j=interpreted, Vv=VM code, C=native code)
V  [jvm.dll+0x3169ba]


Current CompileTask:
C2:   1876  827   !   4       com.android.dx.rop.code.RegisterSpec::intern (70 bytes)


---------------  P R O C E S S  ---------------

Java Threads: ( => current thread )
  0x0000000016184800 JavaThread "pool-1-thread-4" [_thread_in_Java, id=5052, stack(0x0000000016ed0000,0x0000000016fd0000)]
  0x0000000016184000 JavaThread "pool-1-thread-3" [_thread_in_Java, id=2988, stack(0x0000000016dd0000,0x0000000016ed0000)]
  0x0000000016183000 JavaThread "pool-1-thread-2" [_thread_in_Java, id=932, stack(0x0000000016cd0000,0x0000000016dd0000)]
  0x0000000016215800 JavaThread "pool-2-thread-1" [_thread_blocked, id=892, stack(0x0000000016bd0000,0x0000000016cd0000)]
  0x0000000016214800 JavaThread "pool-1-thread-1" [_thread_in_Java, id=2616, stack(0x0000000016ad0000,0x0000000016bd0000)]
  0x00000000144cb000 JavaThread "Service Thread" daemon [_thread_blocked, id=2932, stack(0x0000000015cd0000,0x0000000015dd0000)]
  0x00000000144c4000 JavaThread "C1 CompilerThread2" daemon [_thread_in_native, id=3808, stack(0x0000000015bd0000,0x0000000015cd0000)]
  0x00000000144b6000 JavaThread "C2 CompilerThread1" daemon [_thread_in_native, id=4688, stack(0x0000000015ad0000,0x0000000015bd0000)]
=>0x000000001446c800 JavaThread "C2 CompilerThread0" daemon [_thread_in_native, id=804, stack(0x00000000159d0000,0x0000000015ad0000)]
  0x000000001446b000 JavaThread "Attach Listener" daemon [_thread_blocked, id=3892, stack(0x00000000158d0000,0x00000000159d0000)]
  0x0000000014469800 JavaThread "Signal Dispatcher" daemon [_thread_blocked, id=2936, stack(0x00000000157d0000,0x00000000158d0000)]
  0x0000000001d95800 JavaThread "Finalizer" daemon [_thread_blocked, id=5084, stack(0x00000000156c0000,0x00000000157c0000)]
  0x0000000001d8d000 JavaThread "Reference Handler" daemon [_thread_blocked, id=2788, stack(0x00000000155c0000,0x00000000156c0000)]
  0x0000000001ca0800 JavaThread "main" [_thread_in_Java, id=4560, stack(0x0000000001b90000,0x0000000001c90000)]

Other Threads:
  0x0000000014435800 VMThread [stack: 0x00000000154c0000,0x00000000155c0000] [id=4128]
  0x00000000144ce000 WatcherThread [stack: 0x0000000015dd0000,0x0000000015ed0000] [id=4076]

VM state:not at safepoint (normal execution)

VM Mutex/Monitor currently owned by a thread: None

Heap:
 PSYoungGen      total 18944K, used 8307K [0x00000000eab00000, 0x00000000ec000000, 0x0000000100000000)
  eden space 16384K, 35% used [0x00000000eab00000,0x00000000eb0a2120,0x00000000ebb00000)
  from space 2560K, 99% used [0x00000000ebb00000,0x00000000ebd7ade8,0x00000000ebd80000)
  to   space 2560K, 0% used [0x00000000ebd80000,0x00000000ebd80000,0x00000000ec000000)
 ParOldGen       total 44032K, used 823K [0x00000000c0000000, 0x00000000c2b00000, 0x00000000eab00000)
  object space 44032K, 1% used [0x00000000c0000000,0x00000000c00cdc28,0x00000000c2b00000)
 Metaspace       used 5778K, capacity 6768K, committed 7040K, reserved 1056768K
  class space    used 590K, capacity 616K, committed 640K, reserved 1048576K

Card table byte_map: [0x0000000011160000,0x0000000011370000] byte_map_base: 0x0000000010b60000

Marking Bits: (ParMarkBitMap*) 0x000000005217d4f0
 Begin Bits: [0x00000000118d0000, 0x00000000128d0000)
 End Bits:   [0x00000000128d0000, 0x00000000138d0000)

Polling page: 0x0000000000300000

CodeCache: size=245760Kb used=3198Kb max_used=3198Kb free=242561Kb
 bounds [0x0000000001da0000, 0x00000000020d0000, 0x0000000010da0000]
 total_blobs=1082 nmethods=818 adapters=178
 compilation: enabled

Compilation events (10 events):
Event: 1.848 Thread 0x00000000144b6000 nmethod 831 0x0000000002061c90 code [0x0000000002061dc0, 0x0000000002061e38]
Event: 1.850 Thread 0x00000000144b6000  832       4       java.util.Arrays::copyOf (46 bytes)
Event: 1.853 Thread 0x00000000144b6000 nmethod 832 0x0000000002089a90 code [0x0000000002089be0, 0x0000000002089d78]
Event: 1.854 Thread 0x00000000144b6000  833       4       java.util.ArrayList::<init> (12 bytes)
Event: 1.855 Thread 0x00000000144b6000 nmethod 833 0x0000000002080750 code [0x0000000002080880, 0x00000000020808f8]
Event: 1.858 Thread 0x00000000144b6000  834       4       com.android.dx.rop.type.Type::equals (31 bytes)
Event: 1.859 Thread 0x00000000144b6000 nmethod 834 0x0000000002089710 code [0x0000000002089860, 0x00000000020899d8]
Event: 1.861 Thread 0x00000000144b6000  836       4       com.android.dx.util.BitIntSet::ensureCapacity (51 bytes)
Event: 1.864 Thread 0x00000000144b6000 nmethod 836 0x00000000020892d0 code [0x0000000002089420, 0x00000000020895f8]
Event: 1.864 Thread 0x00000000144b6000  837       4       com.android.dx.ssa.SsaMethod::getDefinitionForRegister (61 bytes)

GC Heap History (2 events):
Event: 1.468 GC heap before
{Heap before GC invocations=1 (full 0):
 PSYoungGen      total 18944K, used 16384K [0x00000000eab00000, 0x00000000ec000000, 0x0000000100000000)
  eden space 16384K, 100% used [0x00000000eab00000,0x00000000ebb00000,0x00000000ebb00000)
  from space 2560K, 0% used [0x00000000ebd80000,0x00000000ebd80000,0x00000000ec000000)
  to   space 2560K, 0% used [0x00000000ebb00000,0x00000000ebb00000,0x00000000ebd80000)
 ParOldGen       total 44032K, used 0K [0x00000000c0000000, 0x00000000c2b00000, 0x00000000eab00000)
  object space 44032K, 0% used [0x00000000c0000000,0x00000000c0000000,0x00000000c2b00000)
 Metaspace       used 5467K, capacity 6512K, committed 6784K, reserved 1056768K
  class space    used 587K, capacity 616K, committed 640K, reserved 1048576K
Event: 1.529 GC heap after
Heap after GC invocations=1 (full 0):
 PSYoungGen      total 18944K, used 2539K [0x00000000eab00000, 0x00000000ec000000, 0x0000000100000000)
  eden space 16384K, 0% used [0x00000000eab00000,0x00000000eab00000,0x00000000ebb00000)
  from space 2560K, 99% used [0x00000000ebb00000,0x00000000ebd7ade8,0x00000000ebd80000)
  to   space 2560K, 0% used [0x00000000ebd80000,0x00000000ebd80000,0x00000000ec000000)
 ParOldGen       total 44032K, used 823K [0x00000000c0000000, 0x00000000c2b00000, 0x00000000eab00000)
  object space 44032K, 1% used [0x00000000c0000000,0x00000000c00cdc28,0x00000000c2b00000)
 Metaspace       used 5467K, capacity 6512K, committed 6784K, reserved 1056768K
  class space    used 587K, capacity 616K, committed 640K, reserved 1048576K
}

Deoptimization events (1 events):
Event: 1.542 Thread 0x0000000016183000 Uncommon trap: reason=bimorphic action=maybe_recompile pc=0x0000000001fdc510 method=java.util.HashMap.getNode(ILjava/lang/Object;)Ljava/util/HashMap$Node; @ 126

Internal exceptions (10 events):
Event: 1.443 Thread 0x0000000016184800 Exception <a 'java/security/PrivilegedActionException'> (0x00000000eb85dc10) thrown at [C:\workspace\8-2-build-windows-amd64-cygwin\jdk8u31\2394\hotspot\src\share\vm\prims\jvm.cpp, line 1312]
Event: 1.444 Thread 0x0000000016184800 Exception <a 'java/security/PrivilegedActionException'> (0x00000000eb863f28) thrown at [C:\workspace\8-2-build-windows-amd64-cygwin\jdk8u31\2394\hotspot\src\share\vm\prims\jvm.cpp, line 1312]
Event: 1.445 Thread 0x0000000016184800 Exception <a 'java/security/PrivilegedActionException'> (0x00000000eb8688e8) thrown at [C:\workspace\8-2-build-windows-amd64-cygwin\jdk8u31\2394\hotspot\src\share\vm\prims\jvm.cpp, line 1312]
Event: 1.453 Thread 0x0000000016184000 Exception <a 'java/security/PrivilegedActionException'> (0x00000000eb71b0a8) thrown at [C:\workspace\8-2-build-windows-amd64-cygwin\jdk8u31\2394\hotspot\src\share\vm\prims\jvm.cpp, line 1312]
Event: 1.454 Thread 0x0000000016184000 Exception <a 'java/security/PrivilegedActionException'> (0x00000000eb720bc8) thrown at [C:\workspace\8-2-build-windows-amd64-cygwin\jdk8u31\2394\hotspot\src\share\vm\prims\jvm.cpp, line 1312]
Event: 1.455 Thread 0x0000000016184000 Exception <a 'java/security/PrivilegedActionException'> (0x00000000eb7264a0) thrown at [C:\workspace\8-2-build-windows-amd64-cygwin\jdk8u31\2394\hotspot\src\share\vm\prims\jvm.cpp, line 1312]
Event: 1.462 Thread 0x0000000016183000 Exception <a 'java/security/PrivilegedActionException'> (0x00000000eb8ae120) thrown at [C:\workspace\8-2-build-windows-amd64-cygwin\jdk8u31\2394\hotspot\src\share\vm\prims\jvm.cpp, line 1312]
Event: 1.559 Thread 0x0000000016184000 Exception <a 'java/security/PrivilegedActionException'> (0x00000000eace7490) thrown at [C:\workspace\8-2-build-windows-amd64-cygwin\jdk8u31\2394\hotspot\src\share\vm\prims\jvm.cpp, line 1312]
Event: 1.561 Thread 0x0000000016183000 Exception <a 'java/security/PrivilegedActionException'> (0x00000000ead0cfd0) thrown at [C:\workspace\8-2-build-windows-amd64-cygwin\jdk8u31\2394\hotspot\src\share\vm\prims\jvm.cpp, line 1312]
Event: 1.797 Thread 0x0000000016183000 Exception <a 'java/security/PrivilegedActionException'> (0x00000000eae8fd18) thrown at [C:\workspace\8-2-build-windows-amd64-cygwin\jdk8u31\2394\hotspot\src\share\vm\prims\jvm.cpp, line 1312]

Events (10 events):
Event: 1.559 loading class com/android/dx/ssa/back/FirstFitLocalCombiningAllocator$Multiset done
Event: 1.560 loading class com/android/dx/cf/code/BytecodeArray$ConstantParserVisitor
Event: 1.560 loading class com/android/dx/cf/code/BytecodeArray$ConstantParserVisitor done
Event: 1.616 loading class java/util/ArrayList$1
Event: 1.797 loading class com/android/dx/cf/code/Ropper$ExceptionHandlerSetup
Event: 1.797 loading class com/android/dx/cf/code/Ropper$ExceptionHandlerSetup done
Event: 1.801 loading class java/util/HashMap$Values
Event: 1.855 loading class java/util/HashMap$Values done
Event: 1.855 loading class java/util/HashMap$ValueIterator
Event: 1.855 loading class java/util/HashMap$ValueIterator done


Dynamic libraries:
0x00007ff7830f0000 - 0x00007ff783124000 	C:\Program Files\Java\jdk1.8.0_31\bin\java.exe
0x00007ffe2cc60000 - 0x00007ffe2ce0d000 	C:\Windows\SYSTEM32\ntdll.dll
0x00007ffe2b970000 - 0x00007ffe2baae000 	C:\Windows\system32\KERNEL32.DLL
0x00007ffe29e80000 - 0x00007ffe29f95000 	C:\Windows\system32\KERNELBASE.dll
0x00007ffe28950000 - 0x00007ffe289de000 	C:\Windows\system32\apphelp.dll
0x00007ffe1eec0000 - 0x00007ffe1ef13000 	C:\Windows\AppPatch\AppPatch64\AcGenral.DLL
0x00007ffe2bf00000 - 0x00007ffe2bfaa000 	C:\Windows\system32\msvcrt.dll
0x00007ffe29c50000 - 0x00007ffe29c7e000 	C:\Windows\SYSTEM32\SspiCli.dll
0x00007ffe2cba0000 - 0x00007ffe2cbf4000 	C:\Windows\system32\SHLWAPI.dll
0x00007ffe2c1e0000 - 0x00007ffe2c357000 	C:\Windows\system32\USER32.dll
0x00007ffe2c540000 - 0x00007ffe2c6d4000 	C:\Windows\system32\ole32.dll
0x00007ffe2a440000 - 0x00007ffe2b96a000 	C:\Windows\system32\SHELL32.dll
0x00007ffe293b0000 - 0x00007ffe293d1000 	C:\Windows\SYSTEM32\USERENV.dll
0x00007ffe2c480000 - 0x00007ffe2c52a000 	C:\Windows\system32\ADVAPI32.dll
0x00007ffe1dc70000 - 0x00007ffe1dc8e000 	C:\Windows\SYSTEM32\MPR.dll
0x00007ffe2bdb0000 - 0x00007ffe2bef1000 	C:\Windows\system32\RPCRT4.dll
0x00007ffe2cb30000 - 0x00007ffe2cb89000 	C:\Windows\SYSTEM32\sechost.dll
0x00007ffe2bab0000 - 0x00007ffe2bcc1000 	C:\Windows\SYSTEM32\combase.dll
0x00007ffe2bfb0000 - 0x00007ffe2c100000 	C:\Windows\system32\GDI32.dll
0x00007ffe29db0000 - 0x00007ffe29dc5000 	C:\Windows\SYSTEM32\profapi.dll
0x00007ffe28320000 - 0x00007ffe283d2000 	C:\Windows\SYSTEM32\SHCORE.dll
0x00007ffe2cc00000 - 0x00007ffe2cc36000 	C:\Windows\system32\IMM32.DLL
0x00007ffe2a2e0000 - 0x00007ffe2a432000 	C:\Windows\system32\MSCTF.dll
0x00007ffe26db0000 - 0x00007ffe2702b000 	C:\Windows\WinSxS\amd64_microsoft.windows.common-controls_6595b64144ccf1df_6.0.9600.18006_none_623f33d3ecbe86e8\COMCTL32.dll
0x0000000051520000 - 0x00000000515f2000 	C:\Program Files\Java\jdk1.8.0_31\jre\bin\msvcr100.dll
0x00000000519a0000 - 0x00000000521fa000 	C:\Program Files\Java\jdk1.8.0_31\jre\bin\server\jvm.dll
0x00007ffe22a40000 - 0x00007ffe22a49000 	C:\Windows\SYSTEM32\WSOCK32.dll
0x00007ffe25320000 - 0x00007ffe25342000 	C:\Windows\SYSTEM32\WINMM.dll
0x00007ffe2c530000 - 0x00007ffe2c537000 	C:\Windows\system32\PSAPI.DLL
0x00007ffe2c360000 - 0x00007ffe2c3ba000 	C:\Windows\system32\WS2_32.dll
0x00007ffe24d80000 - 0x00007ffe24daa000 	C:\Windows\SYSTEM32\WINMMBASE.dll
0x00007ffe2cb90000 - 0x00007ffe2cb99000 	C:\Windows\system32\NSI.dll
0x00007ffe2a180000 - 0x00007ffe2a1cf000 	C:\Windows\SYSTEM32\cfgmgr32.dll
0x00007ffe28ba0000 - 0x00007ffe28bc8000 	C:\Windows\SYSTEM32\DEVOBJ.dll
0x0000000051990000 - 0x000000005199f000 	C:\Program Files\Java\jdk1.8.0_31\jre\bin\verify.dll
0x0000000051960000 - 0x0000000051988000 	C:\Program Files\Java\jdk1.8.0_31\jre\bin\java.dll
0x0000000051940000 - 0x0000000051956000 	C:\Program Files\Java\jdk1.8.0_31\jre\bin\zip.dll

VM Arguments:
jvm_args: -Djava.awt.headless=true -Xmx1024M -Dfile.encoding=windows-1252 -Duser.country=BR -Duser.language=pt -Duser.variant 
java_command: com.android.dx.command.Main --dex --num-threads=4 --output C:\Users\William\AndroidStudioProjects\JustJava\app\build\intermediates\pre-dexed\debug\com.android.support-appcompat-v7-23.1.1_4c1107283ba13bd7715b992aff76170931a8ba1f.jar C:\Users\William\AndroidStudioProjects\JustJava\app\build\intermediates\exploded-aar\com.android.support\appcompat-v7\23.1.1\jars\classes.jar
java_class_path (initial): C:\Users\William\AppData\Local\Android\android-sdk\build-tools\23.0.2\lib\dx.jar
Launcher Type: SUN_STANDARD

Environment Variables:
PATH=C:\ProgramData\Oracle\Java\javapath;C:\Windows\system32;C:\Windows;C:\Windows\System32\Wbem;C:\Windows\System32\WindowsPowerShell\v1.0\;C:\Program Files (x86)\ATI Technologies\ATI.ACE\Core-Static;C:\Program Files (x86)\Windows Live\Shared;C:\Program Files (x86)\Skype\Phone\;C:\Program Files\Java\jdk1.8.0_31\bin
USERNAME=William
OS=Windows_NT
PROCESSOR_IDENTIFIER=Intel64 Family 6 Model 42 Stepping 7, GenuineIntel



---------------  S Y S T E M  ---------------

OS: Windows 8.1 , 64 bit Build 9600 

CPU:total 4 (2 cores per cpu, 2 threads per core) family 6 model 42 stepping 7, cmov, cx8, fxsr, mmx, sse, sse2, sse3, ssse3, sse4.1, sse4.2, popcnt, avx, aes, clmul, ht, tsc, tscinvbit

Memory: 4k page, physical 4140908k(831360k free), swap 4140908k(5104k free)

vm_info: Java HotSpot(TM) 64-Bit Server VM (25.31-b07) for windows-amd64 JRE (1.8.0_31-b13), built on Dec 17 2014 21:00:28 by "java_re" with MS VC++ 10.0 (VS2010)

time: Thu Mar 03 10:47:44 2016
elapsed time: 1 seconds (0d 0h 0m 1s)

