#
# There is insufficient memory for the Java Runtime Environment to continue.
# Native memory allocation (malloc) failed to allocate 385296 bytes for Chunk::new
# Possible reasons:
#   The system is out of physical RAM or swap space
#   In 32 bit mode, the process size limit was hit
# Possible solutions:
#   Reduce memory load on the system
#   Increase physical memory or swap space
#   Check if swap backing store is full
#   Use 64 bit Java on a 64 bit OS
#   Decrease Java heap size (-Xmx/-Xms)
#   Decrease number of Java threads
#   Decrease Java thread stack sizes (-Xss)
#   Set larger code cache with -XX:ReservedCodeCacheSize=
# This output file may be truncated or incomplete.
#
#  Out of Memory Error (allocation.cpp:390), pid=444, tid=932
#
# JRE version: Java(TM) SE Runtime Environment (8.0_31-b13) (build 1.8.0_31-b13)
# Java VM: Java HotSpot(TM) 64-Bit Server VM (25.31-b07 mixed mode windows-amd64 compressed oops)
# Failed to write core dump. Minidumps are not enabled by default on client versions of Windows
#

---------------  T H R E A D  ---------------

Current thread (0x00000000149fc000):  JavaThread "C2 CompilerThread0" daemon [_thread_in_native, id=932, stack(0x0000000015f60000,0x0000000016060000)]

Stack: [0x0000000015f60000,0x0000000016060000]
Native frames: (J=compiled Java code, j=interpreted, Vv=VM code, C=native code)
V  [jvm.dll+0x3169ba]


Current CompileTask:
C2:   3138  863       4       com.android.dx.ssa.SsaBasicBlock::forEachInsn (37 bytes)


---------------  P R O C E S S  ---------------

Java Threads: ( => current thread )
  0x0000000016528000 JavaThread "pool-1-thread-4" [_thread_blocked, id=1724, stack(0x0000000017460000,0x0000000017560000)]
  0x0000000016527800 JavaThread "pool-1-thread-3" [_thread_blocked, id=3276, stack(0x0000000017360000,0x0000000017460000)]
  0x0000000016526800 JavaThread "pool-1-thread-2" [_thread_in_vm, id=4036, stack(0x0000000017260000,0x0000000017360000)]
  0x0000000016572000 JavaThread "pool-2-thread-1" [_thread_blocked, id=1888, stack(0x0000000017160000,0x0000000017260000)]
  0x0000000016571800 JavaThread "pool-1-thread-1" [_thread_blocked, id=4732, stack(0x0000000017060000,0x0000000017160000)]
  0x0000000014a5b000 JavaThread "Service Thread" daemon [_thread_blocked, id=892, stack(0x0000000016660000,0x0000000016760000)]
  0x0000000014a1e000 JavaThread "C1 CompilerThread2" daemon [_thread_in_native, id=4132, stack(0x0000000016160000,0x0000000016260000)]
  0x0000000014a02000 JavaThread "C2 CompilerThread1" daemon [_thread_in_native, id=1340, stack(0x0000000016060000,0x0000000016160000)]
=>0x00000000149fc000 JavaThread "C2 CompilerThread0" daemon [_thread_in_native, id=932, stack(0x0000000015f60000,0x0000000016060000)]
  0x00000000149fa800 JavaThread "Attach Listener" daemon [_thread_blocked, id=4168, stack(0x0000000015e60000,0x0000000015f60000)]
  0x00000000149f9000 JavaThread "Signal Dispatcher" daemon [_thread_blocked, id=3384, stack(0x0000000015d60000,0x0000000015e60000)]
  0x0000000002325000 JavaThread "Finalizer" daemon [_thread_blocked, id=2672, stack(0x0000000015c60000,0x0000000015d60000)]
  0x000000000231c000 JavaThread "Reference Handler" daemon [_thread_blocked, id=4348, stack(0x0000000015b60000,0x0000000015c60000)]
  0x0000000002230800 JavaThread "main" [_thread_in_Java, id=4152, stack(0x0000000002130000,0x0000000002230000)]

Other Threads:
  0x00000000149c6000 VMThread [stack: 0x0000000015a60000,0x0000000015b60000] [id=1984]
  0x0000000014a5d800 WatcherThread [stack: 0x0000000016760000,0x0000000016860000] [id=3572]

VM state:not at safepoint (normal execution)

VM Mutex/Monitor currently owned by a thread: None

Heap:
 PSYoungGen      total 18944K, used 9458K [0x00000000eab00000, 0x00000000ed000000, 0x0000000100000000)
  eden space 16384K, 42% used [0x00000000eab00000,0x00000000eb1c07e0,0x00000000ebb00000)
  from space 2560K, 99% used [0x00000000ebb00000,0x00000000ebd7c390,0x00000000ebd80000)
  to   space 2560K, 0% used [0x00000000ecd80000,0x00000000ecd80000,0x00000000ed000000)
 ParOldGen       total 44032K, used 646K [0x00000000c0000000, 0x00000000c2b00000, 0x00000000eab00000)
  object space 44032K, 1% used [0x00000000c0000000,0x00000000c00a1ac8,0x00000000c2b00000)
 Metaspace       used 5728K, capacity 6704K, committed 6784K, reserved 1056768K
  class space    used 585K, capacity 616K, committed 640K, reserved 1048576K

Card table byte_map: [0x00000000116f0000,0x0000000011900000] byte_map_base: 0x00000000110f0000

Marking Bits: (ParMarkBitMap*) 0x000000005217d4f0
 Begin Bits: [0x0000000011e60000, 0x0000000012e60000)
 End Bits:   [0x0000000012e60000, 0x0000000013e60000)

Polling page: 0x00000000008e0000

CodeCache: size=245760Kb used=3363Kb max_used=3375Kb free=242396Kb
 bounds [0x0000000002330000, 0x0000000002680000, 0x0000000011330000]
 total_blobs=1141 nmethods=876 adapters=178
 compilation: enabled

Compilation events (10 events):
Event: 3.128 Thread 0x0000000014a1e000 nmethod 875 0x000000000266eb10 code [0x000000000266ee20, 0x00000000026704c8]
Event: 3.128 Thread 0x0000000014a1e000  865       3       com.android.dx.ssa.SCCP::simulateBlock (54 bytes)
Event: 3.129 Thread 0x0000000014a1e000 nmethod 865 0x00000000026653d0 code [0x00000000026655c0, 0x0000000002665f08]
Event: 3.129 Thread 0x0000000014a1e000  867       3       com.android.dx.ssa.SCCP::simulatePhi (169 bytes)
Event: 3.130 Thread 0x0000000014a1e000 nmethod 867 0x0000000002670fd0 code [0x0000000002671240, 0x00000000026723b8]
Event: 3.130 Thread 0x0000000014a1e000  887       3       com.android.dx.ssa.back.SsaToRop$1::visitBlock (97 bytes)
Event: 3.132 Thread 0x0000000014a1e000 nmethod 887 0x0000000002669910 code [0x0000000002669b80, 0x000000000266aa88]
Event: 3.132 Thread 0x0000000014a1e000  868       3       com.android.dx.ssa.PhiInsn::getSources (95 bytes)
Event: 3.133 Thread 0x0000000014a1e000 nmethod 868 0x0000000002672fd0 code [0x0000000002673240, 0x00000000026741f8]
Event: 3.133 Thread 0x0000000014a1e000  874       3       com.android.dx.ssa.SsaMethod::isRegALocal (90 bytes)

GC Heap History (2 events):
Event: 2.538 GC heap before
{Heap before GC invocations=1 (full 0):
 PSYoungGen      total 18944K, used 16384K [0x00000000eab00000, 0x00000000ec000000, 0x0000000100000000)
  eden space 16384K, 100% used [0x00000000eab00000,0x00000000ebb00000,0x00000000ebb00000)
  from space 2560K, 0% used [0x00000000ebd80000,0x00000000ebd80000,0x00000000ec000000)
  to   space 2560K, 0% used [0x00000000ebb00000,0x00000000ebb00000,0x00000000ebd80000)
 ParOldGen       total 44032K, used 0K [0x00000000c0000000, 0x00000000c2b00000, 0x00000000eab00000)
  object space 44032K, 0% used [0x00000000c0000000,0x00000000c0000000,0x00000000c2b00000)
 Metaspace       used 5378K, capacity 6448K, committed 6528K, reserved 1056768K
  class space    used 580K, capacity 616K, committed 640K, reserved 1048576K
Event: 2.666 GC heap after
Heap after GC invocations=1 (full 0):
 PSYoungGen      total 18944K, used 2544K [0x00000000eab00000, 0x00000000ed000000, 0x0000000100000000)
  eden space 16384K, 0% used [0x00000000eab00000,0x00000000eab00000,0x00000000ebb00000)
  from space 2560K, 99% used [0x00000000ebb00000,0x00000000ebd7c390,0x00000000ebd80000)
  to   space 2560K, 0% used [0x00000000ecd80000,0x00000000ecd80000,0x00000000ed000000)
 ParOldGen       total 44032K, used 646K [0x00000000c0000000, 0x00000000c2b00000, 0x00000000eab00000)
  object space 44032K, 1% used [0x00000000c0000000,0x00000000c00a1ac8,0x00000000c2b00000)
 Metaspace       used 5378K, capacity 6448K, committed 6528K, reserved 1056768K
  class space    used 580K, capacity 616K, committed 640K, reserved 1048576K
}

Deoptimization events (7 events):
Event: 2.739 Thread 0x0000000016527800 Uncommon trap: reason=class_check action=maybe_recompile pc=0x00000000025affb0 method=com.android.dx.ssa.NormalSsaInsn.accept(Lcom/android/dx/ssa/SsaInsn$Visitor;)V @ 9
Event: 2.739 Thread 0x0000000016527800 Uncommon trap: reason=class_check action=maybe_recompile pc=0x00000000025affb0 method=com.android.dx.ssa.NormalSsaInsn.accept(Lcom/android/dx/ssa/SsaInsn$Visitor;)V @ 9
Event: 2.739 Thread 0x0000000016527800 Uncommon trap: reason=class_check action=maybe_recompile pc=0x00000000025affb0 method=com.android.dx.ssa.NormalSsaInsn.accept(Lcom/android/dx/ssa/SsaInsn$Visitor;)V @ 9
Event: 2.740 Thread 0x0000000016527800 Uncommon trap: reason=class_check action=maybe_recompile pc=0x00000000025affb0 method=com.android.dx.ssa.NormalSsaInsn.accept(Lcom/android/dx/ssa/SsaInsn$Visitor;)V @ 9
Event: 2.952 Thread 0x0000000016527800 Uncommon trap: reason=unreached action=reinterpret pc=0x00000000025eb048 method=com.android.dx.rop.code.LocalItem.hashCode()I @ 25
Event: 2.975 Thread 0x0000000002230800 Uncommon trap: reason=unreached action=reinterpret pc=0x00000000025da61c method=com.android.dx.rop.cst.Constant.compareTo(Lcom/android/dx/rop/cst/Constant;)I @ 12
Event: 3.038 Thread 0x0000000016526800 Uncommon trap: reason=null_check action=make_not_entrant pc=0x00000000025e0b38 method=com.android.dx.ssa.SsaRenamer.getLocalForNewReg(I)Lcom/android/dx/rop/code/LocalItem; @ 19

Internal exceptions (10 events):
Event: 2.467 Thread 0x0000000016527800 Exception <a 'java/security/PrivilegedActionException'> (0x00000000eb901b60) thrown at [C:\workspace\8-2-build-windows-amd64-cygwin\jdk8u31\2394\hotspot\src\share\vm\prims\jvm.cpp, line 1312]
Event: 2.468 Thread 0x0000000016527800 Exception <a 'java/security/PrivilegedActionException'> (0x00000000eb907e78) thrown at [C:\workspace\8-2-build-windows-amd64-cygwin\jdk8u31\2394\hotspot\src\share\vm\prims\jvm.cpp, line 1312]
Event: 2.469 Thread 0x0000000016527800 Exception <a 'java/security/PrivilegedActionException'> (0x00000000eb90c628) thrown at [C:\workspace\8-2-build-windows-amd64-cygwin\jdk8u31\2394\hotspot\src\share\vm\prims\jvm.cpp, line 1312]
Event: 2.483 Thread 0x0000000016528000 Exception <a 'java/security/PrivilegedActionException'> (0x00000000eb628920) thrown at [C:\workspace\8-2-build-windows-amd64-cygwin\jdk8u31\2394\hotspot\src\share\vm\prims\jvm.cpp, line 1312]
Event: 2.488 Thread 0x0000000016528000 Exception <a 'java/security/PrivilegedActionException'> (0x00000000eb630918) thrown at [C:\workspace\8-2-build-windows-amd64-cygwin\jdk8u31\2394\hotspot\src\share\vm\prims\jvm.cpp, line 1312]
Event: 2.674 Thread 0x0000000016571800 Exception <a 'java/security/PrivilegedActionException'> (0x00000000eab018a0) thrown at [C:\workspace\8-2-build-windows-amd64-cygwin\jdk8u31\2394\hotspot\src\share\vm\prims\jvm.cpp, line 1312]
Event: 2.698 Thread 0x0000000002230800 Exception <a 'java/security/PrivilegedActionException'> (0x00000000eab81668) thrown at [C:\workspace\8-2-build-windows-amd64-cygwin\jdk8u31\2394\hotspot\src\share\vm\prims\jvm.cpp, line 1312]
Event: 2.714 Thread 0x0000000016526800 Exception <a 'java/security/PrivilegedActionException'> (0x00000000eacfc520) thrown at [C:\workspace\8-2-build-windows-amd64-cygwin\jdk8u31\2394\hotspot\src\share\vm\prims\jvm.cpp, line 1312]
Event: 2.949 Thread 0x0000000016527800 Exception <a 'java/security/PrivilegedActionException'> (0x00000000eae17a10) thrown at [C:\workspace\8-2-build-windows-amd64-cygwin\jdk8u31\2394\hotspot\src\share\vm\prims\jvm.cpp, line 1312]
Event: 3.038 Thread 0x0000000016526800 Implicit null exception at 0x00000000025deaba to 0x00000000025e0b11

Events (10 events):
Event: 2.952 Thread 0x0000000016527800 DEOPT PACKING pc=0x00000000025eb048 sp=0x000000001745eb50
Event: 2.952 Thread 0x0000000016527800 DEOPT UNPACKING pc=0x000000000237556a sp=0x000000001745ea88 mode 2
Event: 2.975 Thread 0x0000000002230800 Uncommon trap: trap_request=0xffffffad fr.pc=0x00000000025da61c
Event: 2.975 Thread 0x0000000002230800 DEOPT PACKING pc=0x00000000025da61c sp=0x000000000222e4d0
Event: 2.975 Thread 0x0000000002230800 DEOPT UNPACKING pc=0x000000000237556a sp=0x000000000222e470 mode 2
Event: 3.038 Thread 0x0000000016526800 Uncommon trap: trap_request=0xfffffff4 fr.pc=0x00000000025e0b38
Event: 3.039 Thread 0x0000000016526800 DEOPT PACKING pc=0x00000000025e0b38 sp=0x000000001735e610
Event: 3.039 Thread 0x0000000016526800 DEOPT UNPACKING pc=0x000000000237556a sp=0x000000001735e448 mode 2
Event: 3.042 Executing VM operation: ForceSafepoint
Event: 3.114 Executing VM operation: ForceSafepoint done


Dynamic libraries:
0x00007ff7830f0000 - 0x00007ff783124000 	C:\Program Files\Java\jdk1.8.0_31\bin\java.exe
0x00007ffe2cc60000 - 0x00007ffe2ce0d000 	C:\Windows\SYSTEM32\ntdll.dll
0x00007ffe2b970000 - 0x00007ffe2baae000 	C:\Windows\system32\KERNEL32.DLL
0x00007ffe29e80000 - 0x00007ffe29f95000 	C:\Windows\system32\KERNELBASE.dll
0x00007ffe28950000 - 0x00007ffe289de000 	C:\Windows\system32\apphelp.dll
0x00007ffe1eec0000 - 0x00007ffe1ef13000 	C:\Windows\AppPatch\AppPatch64\AcGenral.DLL
0x00007ffe2bf00000 - 0x00007ffe2bfaa000 	C:\Windows\system32\msvcrt.dll
0x00007ffe29c50000 - 0x00007ffe29c7e000 	C:\Windows\SYSTEM32\SspiCli.dll
0x00007ffe2cba0000 - 0x00007ffe2cbf4000 	C:\Windows\system32\SHLWAPI.dll
0x00007ffe2c1e0000 - 0x00007ffe2c357000 	C:\Windows\system32\USER32.dll
0x00007ffe2c540000 - 0x00007ffe2c6d4000 	C:\Windows\system32\ole32.dll
0x00007ffe2a440000 - 0x00007ffe2b96a000 	C:\Windows\system32\SHELL32.dll
0x00007ffe293b0000 - 0x00007ffe293d1000 	C:\Windows\SYSTEM32\USERENV.dll
0x00007ffe2c480000 - 0x00007ffe2c52a000 	C:\Windows\system32\ADVAPI32.dll
0x00007ffe1dc70000 - 0x00007ffe1dc8e000 	C:\Windows\SYSTEM32\MPR.dll
0x00007ffe2bdb0000 - 0x00007ffe2bef1000 	C:\Windows\system32\RPCRT4.dll
0x00007ffe2cb30000 - 0x00007ffe2cb89000 	C:\Windows\SYSTEM32\sechost.dll
0x00007ffe2bab0000 - 0x00007ffe2bcc1000 	C:\Windows\SYSTEM32\combase.dll
0x00007ffe2bfb0000 - 0x00007ffe2c100000 	C:\Windows\system32\GDI32.dll
0x00007ffe29db0000 - 0x00007ffe29dc5000 	C:\Windows\SYSTEM32\profapi.dll
0x00007ffe28320000 - 0x00007ffe283d2000 	C:\Windows\SYSTEM32\SHCORE.dll
0x00007ffe2cc00000 - 0x00007ffe2cc36000 	C:\Windows\system32\IMM32.DLL
0x00007ffe2a2e0000 - 0x00007ffe2a432000 	C:\Windows\system32\MSCTF.dll
0x00007ffe26db0000 - 0x00007ffe2702b000 	C:\Windows\WinSxS\amd64_microsoft.windows.common-controls_6595b64144ccf1df_6.0.9600.18006_none_623f33d3ecbe86e8\COMCTL32.dll
0x0000000051520000 - 0x00000000515f2000 	C:\Program Files\Java\jdk1.8.0_31\jre\bin\msvcr100.dll
0x00000000519a0000 - 0x00000000521fa000 	C:\Program Files\Java\jdk1.8.0_31\jre\bin\server\jvm.dll
0x00007ffe22a40000 - 0x00007ffe22a49000 	C:\Windows\SYSTEM32\WSOCK32.dll
0x00007ffe25320000 - 0x00007ffe25342000 	C:\Windows\SYSTEM32\WINMM.dll
0x00007ffe2c530000 - 0x00007ffe2c537000 	C:\Windows\system32\PSAPI.DLL
0x00007ffe2c360000 - 0x00007ffe2c3ba000 	C:\Windows\system32\WS2_32.dll
0x00007ffe24d80000 - 0x00007ffe24daa000 	C:\Windows\SYSTEM32\WINMMBASE.dll
0x00007ffe2cb90000 - 0x00007ffe2cb99000 	C:\Windows\system32\NSI.dll
0x00007ffe2a180000 - 0x00007ffe2a1cf000 	C:\Windows\SYSTEM32\cfgmgr32.dll
0x00007ffe28ba0000 - 0x00007ffe28bc8000 	C:\Windows\SYSTEM32\DEVOBJ.dll
0x0000000051990000 - 0x000000005199f000 	C:\Program Files\Java\jdk1.8.0_31\jre\bin\verify.dll
0x0000000051960000 - 0x0000000051988000 	C:\Program Files\Java\jdk1.8.0_31\jre\bin\java.dll
0x0000000051940000 - 0x0000000051956000 	C:\Program Files\Java\jdk1.8.0_31\jre\bin\zip.dll

VM Arguments:
jvm_args: -Djava.awt.headless=true -Xmx1024M -Dfile.encoding=windows-1252 -Duser.country=BR -Duser.language=pt -Duser.variant 
java_command: com.android.dx.command.Main --dex --num-threads=4 --output C:\Users\William\AndroidStudioProjects\JustJava\app\build\intermediates\pre-dexed\debug\internal_impl-23.1.1_81550a33744f0898cc35efc73bb22e1be2ad70f8.jar C:\Users\William\AndroidStudioProjects\JustJava\app\build\intermediates\exploded-aar\com.android.support\support-v4\23.1.1\jars\libs\internal_impl-23.1.1.jar
java_class_path (initial): C:\Users\William\AppData\Local\Android\android-sdk\build-tools\23.0.2\lib\dx.jar
Launcher Type: SUN_STANDARD

Environment Variables:
PATH=C:\ProgramData\Oracle\Java\javapath;C:\Windows\system32;C:\Windows;C:\Windows\System32\Wbem;C:\Windows\System32\WindowsPowerShell\v1.0\;C:\Program Files (x86)\ATI Technologies\ATI.ACE\Core-Static;C:\Program Files (x86)\Windows Live\Shared;C:\Program Files (x86)\Skype\Phone\;C:\Program Files\Java\jdk1.8.0_31\bin
USERNAME=William
OS=Windows_NT
PROCESSOR_IDENTIFIER=Intel64 Family 6 Model 42 Stepping 7, GenuineIntel



---------------  S Y S T E M  ---------------

OS: Windows 8.1 , 64 bit Build 9600 

CPU:total 4 (2 cores per cpu, 2 threads per core) family 6 model 42 stepping 7, cmov, cx8, fxsr, mmx, sse, sse2, sse3, ssse3, sse4.1, sse4.2, popcnt, avx, aes, clmul, ht, tsc, tscinvbit

Memory: 4k page, physical 4140908k(761680k free), swap 4140908k(4472k free)

vm_info: Java HotSpot(TM) 64-Bit Server VM (25.31-b07) for windows-amd64 JRE (1.8.0_31-b13), built on Dec 17 2014 21:00:28 by "java_re" with MS VC++ 10.0 (VS2010)

time: Thu Mar 03 10:34:16 2016
elapsed time: 3 seconds (0d 0h 0m 3s)

