#
# There is insufficient memory for the Java Runtime Environment to continue.
# Native memory allocation (malloc) failed to allocate 342336 bytes for Chunk::new
# Possible reasons:
#   The system is out of physical RAM or swap space
#   In 32 bit mode, the process size limit was hit
# Possible solutions:
#   Reduce memory load on the system
#   Increase physical memory or swap space
#   Check if swap backing store is full
#   Use 64 bit Java on a 64 bit OS
#   Decrease Java heap size (-Xmx/-Xms)
#   Decrease number of Java threads
#   Decrease Java thread stack sizes (-Xss)
#   Set larger code cache with -XX:ReservedCodeCacheSize=
# This output file may be truncated or incomplete.
#
#  Out of Memory Error (allocation.cpp:390), pid=5028, tid=4316
#
# JRE version: Java(TM) SE Runtime Environment (8.0_31-b13) (build 1.8.0_31-b13)
# Java VM: Java HotSpot(TM) 64-Bit Server VM (25.31-b07 mixed mode windows-amd64 compressed oops)
# Failed to write core dump. Minidumps are not enabled by default on client versions of Windows
#

---------------  T H R E A D  ---------------

Current thread (0x000000001458d800):  JavaThread "C2 CompilerThread0" daemon [_thread_in_native, id=4316, stack(0x0000000015b00000,0x0000000015c00000)]

Stack: [0x0000000015b00000,0x0000000015c00000]
Native frames: (J=compiled Java code, j=interpreted, Vv=VM code, C=native code)
V  [jvm.dll+0x3169ba]


Current CompileTask:
C2:   1931  871   !   4       com.android.dx.rop.code.RegisterSpec::intern (70 bytes)


---------------  P R O C E S S  ---------------

Java Threads: ( => current thread )
  0x0000000016221000 JavaThread "pool-1-thread-4" [_thread_in_Java, id=2504, stack(0x0000000017000000,0x0000000017100000)]
  0x000000001621c000 JavaThread "pool-1-thread-3" [_thread_in_Java, id=3096, stack(0x0000000016f00000,0x0000000017000000)]
  0x0000000016184800 JavaThread "pool-1-thread-2" [_thread_in_Java, id=4204, stack(0x0000000016e00000,0x0000000016f00000)]
  0x0000000016170000 JavaThread "pool-2-thread-1" [_thread_blocked, id=2776, stack(0x0000000016d00000,0x0000000016e00000)]
  0x000000001616b000 JavaThread "pool-1-thread-1" [_thread_in_Java, id=860, stack(0x0000000016c00000,0x0000000016d00000)]
  0x00000000145ec000 JavaThread "Service Thread" daemon [_thread_blocked, id=5092, stack(0x0000000015e00000,0x0000000015f00000)]
  0x00000000145e2000 JavaThread "C1 CompilerThread2" daemon [_thread_blocked, id=3492, stack(0x0000000015d00000,0x0000000015e00000)]
  0x00000000145df000 JavaThread "C2 CompilerThread1" daemon [_thread_blocked, id=3816, stack(0x0000000015c00000,0x0000000015d00000)]
=>0x000000001458d800 JavaThread "C2 CompilerThread0" daemon [_thread_in_native, id=4316, stack(0x0000000015b00000,0x0000000015c00000)]
  0x000000001458c000 JavaThread "Attach Listener" daemon [_thread_blocked, id=3272, stack(0x0000000015a00000,0x0000000015b00000)]
  0x000000001458a800 JavaThread "Signal Dispatcher" daemon [_thread_blocked, id=4084, stack(0x0000000015900000,0x0000000015a00000)]
  0x0000000001e95800 JavaThread "Finalizer" daemon [_thread_blocked, id=4812, stack(0x00000000157f0000,0x00000000158f0000)]
  0x0000000001e8d000 JavaThread "Reference Handler" daemon [_thread_blocked, id=1524, stack(0x00000000156f0000,0x00000000157f0000)]
  0x0000000001da0800 JavaThread "main" [_thread_in_vm, id=5100, stack(0x0000000001c60000,0x0000000001d60000)]

Other Threads:
  0x0000000014555800 VMThread [stack: 0x00000000155f0000,0x00000000156f0000] [id=4052]
  0x0000000015f00800 WatcherThread [stack: 0x0000000016300000,0x0000000016400000] [id=2744]

VM state:not at safepoint (normal execution)

VM Mutex/Monitor currently owned by a thread: None

Heap:
 PSYoungGen      total 18944K, used 8371K [0x00000000eab00000, 0x00000000ec000000, 0x0000000100000000)
  eden space 16384K, 35% used [0x00000000eab00000,0x00000000eb0b4d80,0x00000000ebb00000)
  from space 2560K, 98% used [0x00000000ebb00000,0x00000000ebd78088,0x00000000ebd80000)
  to   space 2560K, 0% used [0x00000000ebd80000,0x00000000ebd80000,0x00000000ec000000)
 ParOldGen       total 44032K, used 605K [0x00000000c0000000, 0x00000000c2b00000, 0x00000000eab00000)
  object space 44032K, 1% used [0x00000000c0000000,0x00000000c00975b0,0x00000000c2b00000)
 Metaspace       used 5727K, capacity 6704K, committed 6784K, reserved 1056768K
  class space    used 584K, capacity 616K, committed 640K, reserved 1048576K

Card table byte_map: [0x0000000011260000,0x0000000011470000] byte_map_base: 0x0000000010c60000

Marking Bits: (ParMarkBitMap*) 0x000000005217d4f0
 Begin Bits: [0x00000000119d0000, 0x00000000129d0000)
 End Bits:   [0x00000000129d0000, 0x00000000139d0000)

Polling page: 0x0000000001d60000

CodeCache: size=245760Kb used=3369Kb max_used=3380Kb free=242390Kb
 bounds [0x0000000001ea0000, 0x00000000021f0000, 0x0000000010ea0000]
 total_blobs=1120 nmethods=855 adapters=178
 compilation: disabled (not enough contiguous free space left)

Compilation events (10 events):
Event: 1.919 Thread 0x00000000145e2000 nmethod 857 0x00000000021ec290 code [0x00000000021ec520, 0x00000000021eda18]
Event: 1.919 Thread 0x00000000145e2000  872       3       com.android.dx.rop.code.RegisterSpecSet::<init> (27 bytes)
Event: 1.919 Thread 0x00000000145e2000 nmethod 872 0x00000000021e1cd0 code [0x00000000021e1e40, 0x00000000021e2150]
Event: 1.919 Thread 0x00000000145e2000  853       3       com.android.dx.rop.code.PlainInsn::withNewRegisters (18 bytes)
Event: 1.919 Thread 0x00000000145e2000 nmethod 853 0x00000000021e3cd0 code [0x00000000021e3e40, 0x00000000021e4168]
Event: 1.919 Thread 0x00000000145e2000  844       3       com.android.dx.rop.code.Rops::ropFor (771 bytes)
Event: 1.921 Thread 0x00000000145df000 nmethod 873 0x00000000021e17d0 code [0x00000000021e1920, 0x00000000021e1ab8]
Event: 1.921 Thread 0x00000000145df000  875       4       com.android.dx.ssa.NormalSsaInsn::getLocalAssignment (54 bytes)
Event: 1.923 Thread 0x00000000145df000 nmethod 875 0x00000000021e3850 code [0x00000000021e39a0, 0x00000000021e3ab8]
Event: 1.929 Thread 0x00000000145e2000 


GC Heap History (2 events):
Event: 1.461 GC heap before
{Heap before GC invocations=1 (full 0):
 PSYoungGen      total 18944K, used 16384K [0x00000000eab00000, 0x00000000ec000000, 0x0000000100000000)
  eden space 16384K, 100% used [0x00000000eab00000,0x00000000ebb00000,0x00000000ebb00000)
  from space 2560K, 0% used [0x00000000ebd80000,0x00000000ebd80000,0x00000000ec000000)
  to   space 2560K, 0% used [0x00000000ebb00000,0x00000000ebb00000,0x00000000ebd80000)
 ParOldGen       total 44032K, used 0K [0x00000000c0000000, 0x00000000c2b00000, 0x00000000eab00000)
  object space 44032K, 0% used [0x00000000c0000000,0x00000000c0000000,0x00000000c2b00000)
 Metaspace       used 5364K, capacity 6384K, committed 6528K, reserved 1056768K
  class space    used 579K, capacity 616K, committed 640K, reserved 1048576K
Event: 1.474 GC heap after
Heap after GC invocations=1 (full 0):
 PSYoungGen      total 18944K, used 2528K [0x00000000eab00000, 0x00000000ec000000, 0x0000000100000000)
  eden space 16384K, 0% used [0x00000000eab00000,0x00000000eab00000,0x00000000ebb00000)
  from space 2560K, 98% used [0x00000000ebb00000,0x00000000ebd78088,0x00000000ebd80000)
  to   space 2560K, 0% used [0x00000000ebd80000,0x00000000ebd80000,0x00000000ec000000)
 ParOldGen       total 44032K, used 605K [0x00000000c0000000, 0x00000000c2b00000, 0x00000000eab00000)
  object space 44032K, 1% used [0x00000000c0000000,0x00000000c00975b0,0x00000000c2b00000)
 Metaspace       used 5364K, capacity 6384K, committed 6528K, reserved 1056768K
  class space    used 579K, capacity 616K, committed 640K, reserved 1048576K
}

Deoptimization events (4 events):
Event: 1.652 Thread 0x0000000016184800 Uncommon trap: reason=class_check action=maybe_recompile pc=0x000000000210fcb0 method=com.android.dx.ssa.NormalSsaInsn.accept(Lcom/android/dx/ssa/SsaInsn$Visitor;)V @ 9
Event: 1.652 Thread 0x0000000016184800 Uncommon trap: reason=class_check action=maybe_recompile pc=0x000000000210fcb0 method=com.android.dx.ssa.NormalSsaInsn.accept(Lcom/android/dx/ssa/SsaInsn$Visitor;)V @ 9
Event: 1.652 Thread 0x0000000016184800 Uncommon trap: reason=class_check action=maybe_recompile pc=0x000000000210fcb0 method=com.android.dx.ssa.NormalSsaInsn.accept(Lcom/android/dx/ssa/SsaInsn$Visitor;)V @ 9
Event: 1.652 Thread 0x0000000016184800 Uncommon trap: reason=class_check action=maybe_recompile pc=0x000000000210fcb0 method=com.android.dx.ssa.NormalSsaInsn.accept(Lcom/android/dx/ssa/SsaInsn$Visitor;)V @ 9

Internal exceptions (10 events):
Event: 1.441 Thread 0x0000000016221000 Exception <a 'java/security/PrivilegedActionException'> (0x00000000eb84aa98) thrown at [C:\workspace\8-2-build-windows-amd64-cygwin\jdk8u31\2394\hotspot\src\share\vm\prims\jvm.cpp, line 1312]
Event: 1.445 Thread 0x0000000016221000 Exception <a 'java/security/PrivilegedActionException'> (0x00000000eb857378) thrown at [C:\workspace\8-2-build-windows-amd64-cygwin\jdk8u31\2394\hotspot\src\share\vm\prims\jvm.cpp, line 1312]
Event: 1.446 Thread 0x0000000016221000 Exception <a 'java/security/PrivilegedActionException'> (0x00000000eb85d690) thrown at [C:\workspace\8-2-build-windows-amd64-cygwin\jdk8u31\2394\hotspot\src\share\vm\prims\jvm.cpp, line 1312]
Event: 1.447 Thread 0x0000000016221000 Exception <a 'java/security/PrivilegedActionException'> (0x00000000eb862050) thrown at [C:\workspace\8-2-build-windows-amd64-cygwin\jdk8u31\2394\hotspot\src\share\vm\prims\jvm.cpp, line 1312]
Event: 1.457 Thread 0x000000001621c000 Exception <a 'java/security/PrivilegedActionException'> (0x00000000eba6a0d0) thrown at [C:\workspace\8-2-build-windows-amd64-cygwin\jdk8u31\2394\hotspot\src\share\vm\prims\jvm.cpp, line 1312]
Event: 1.479 Thread 0x0000000016184800 Exception <a 'java/security/PrivilegedActionException'> (0x00000000eab33c78) thrown at [C:\workspace\8-2-build-windows-amd64-cygwin\jdk8u31\2394\hotspot\src\share\vm\prims\jvm.cpp, line 1312]
Event: 1.487 Thread 0x0000000016221000 Exception <a 'java/security/PrivilegedActionException'> (0x00000000eab245e8) thrown at [C:\workspace\8-2-build-windows-amd64-cygwin\jdk8u31\2394\hotspot\src\share\vm\prims\jvm.cpp, line 1312]
Event: 1.510 Thread 0x0000000001da0800 Exception <a 'java/security/PrivilegedActionException'> (0x00000000eaca1758) thrown at [C:\workspace\8-2-build-windows-amd64-cygwin\jdk8u31\2394\hotspot\src\share\vm\prims\jvm.cpp, line 1312]
Event: 1.527 Thread 0x000000001616b000 Exception <a 'java/security/PrivilegedActionException'> (0x00000000ead314b8) thrown at [C:\workspace\8-2-build-windows-amd64-cygwin\jdk8u31\2394\hotspot\src\share\vm\prims\jvm.cpp, line 1312]
Event: 1.660 Thread 0x0000000016184800 Exception <a 'java/security/PrivilegedActionException'> (0x00000000eadf6d58) thrown at [C:\workspace\8-2-build-windows-amd64-cygwin\jdk8u31\2394\hotspot\src\share\vm\prims\jvm.cpp, line 1312]

Events (10 events):
Event: 1.652 Thread 0x0000000016184800 Uncommon trap: trap_request=0xffffffde fr.pc=0x000000000210fcb0
Event: 1.652 Thread 0x0000000016184800 DEOPT PACKING pc=0x000000000210fcb0 sp=0x0000000016efe970
Event: 1.652 Thread 0x0000000016184800 DEOPT UNPACKING pc=0x0000000001ee556a sp=0x0000000016efe900 mode 2
Event: 1.652 Thread 0x0000000016184800 Uncommon trap: trap_request=0xffffffde fr.pc=0x000000000210fcb0
Event: 1.652 Thread 0x0000000016184800 DEOPT PACKING pc=0x000000000210fcb0 sp=0x0000000016efec80
Event: 1.652 Thread 0x0000000016184800 DEOPT UNPACKING pc=0x0000000001ee556a sp=0x0000000016efec10 mode 2
Event: 1.660 loading class com/android/dx/dex/file/MethodAnnotationStruct
Event: 1.660 loading class com/android/dx/dex/file/MethodAnnotationStruct done
Event: 1.837 loading class java/util/DualPivotQuicksort
Event: 1.837 loading class java/util/DualPivotQuicksort done


Dynamic libraries:
0x00007ff7830f0000 - 0x00007ff783124000 	C:\Program Files\Java\jdk1.8.0_31\bin\java.exe
0x00007ffe2cc60000 - 0x00007ffe2ce0d000 	C:\Windows\SYSTEM32\ntdll.dll
0x00007ffe2b970000 - 0x00007ffe2baae000 	C:\Windows\system32\KERNEL32.DLL
0x00007ffe29e80000 - 0x00007ffe29f95000 	C:\Windows\system32\KERNELBASE.dll
0x00007ffe28950000 - 0x00007ffe289de000 	C:\Windows\system32\apphelp.dll
0x00007ffe1eec0000 - 0x00007ffe1ef13000 	C:\Windows\AppPatch\AppPatch64\AcGenral.DLL
0x00007ffe2bf00000 - 0x00007ffe2bfaa000 	C:\Windows\system32\msvcrt.dll
0x00007ffe29c50000 - 0x00007ffe29c7e000 	C:\Windows\SYSTEM32\SspiCli.dll
0x00007ffe2cba0000 - 0x00007ffe2cbf4000 	C:\Windows\system32\SHLWAPI.dll
0x00007ffe2c1e0000 - 0x00007ffe2c357000 	C:\Windows\system32\USER32.dll
0x00007ffe2c540000 - 0x00007ffe2c6d4000 	C:\Windows\system32\ole32.dll
0x00007ffe2a440000 - 0x00007ffe2b96a000 	C:\Windows\system32\SHELL32.dll
0x00007ffe293b0000 - 0x00007ffe293d1000 	C:\Windows\SYSTEM32\USERENV.dll
0x00007ffe2c480000 - 0x00007ffe2c52a000 	C:\Windows\system32\ADVAPI32.dll
0x00007ffe1dc70000 - 0x00007ffe1dc8e000 	C:\Windows\SYSTEM32\MPR.dll
0x00007ffe2bdb0000 - 0x00007ffe2bef1000 	C:\Windows\system32\RPCRT4.dll
0x00007ffe2cb30000 - 0x00007ffe2cb89000 	C:\Windows\SYSTEM32\sechost.dll
0x00007ffe2bab0000 - 0x00007ffe2bcc1000 	C:\Windows\SYSTEM32\combase.dll
0x00007ffe2bfb0000 - 0x00007ffe2c100000 	C:\Windows\system32\GDI32.dll
0x00007ffe29db0000 - 0x00007ffe29dc5000 	C:\Windows\SYSTEM32\profapi.dll
0x00007ffe28320000 - 0x00007ffe283d2000 	C:\Windows\SYSTEM32\SHCORE.dll
0x00007ffe2cc00000 - 0x00007ffe2cc36000 	C:\Windows\system32\IMM32.DLL
0x00007ffe2a2e0000 - 0x00007ffe2a432000 	C:\Windows\system32\MSCTF.dll
0x00007ffe26db0000 - 0x00007ffe2702b000 	C:\Windows\WinSxS\amd64_microsoft.windows.common-controls_6595b64144ccf1df_6.0.9600.18006_none_623f33d3ecbe86e8\COMCTL32.dll
0x0000000051520000 - 0x00000000515f2000 	C:\Program Files\Java\jdk1.8.0_31\jre\bin\msvcr100.dll
0x00000000519a0000 - 0x00000000521fa000 	C:\Program Files\Java\jdk1.8.0_31\jre\bin\server\jvm.dll
0x00007ffe22a40000 - 0x00007ffe22a49000 	C:\Windows\SYSTEM32\WSOCK32.dll
0x00007ffe25320000 - 0x00007ffe25342000 	C:\Windows\SYSTEM32\WINMM.dll
0x00007ffe2c530000 - 0x00007ffe2c537000 	C:\Windows\system32\PSAPI.DLL
0x00007ffe2c360000 - 0x00007ffe2c3ba000 	C:\Windows\system32\WS2_32.dll
0x00007ffe24d80000 - 0x00007ffe24daa000 	C:\Windows\SYSTEM32\WINMMBASE.dll
0x00007ffe2cb90000 - 0x00007ffe2cb99000 	C:\Windows\system32\NSI.dll
0x00007ffe2a180000 - 0x00007ffe2a1cf000 	C:\Windows\SYSTEM32\cfgmgr32.dll
0x00007ffe28ba0000 - 0x00007ffe28bc8000 	C:\Windows\SYSTEM32\DEVOBJ.dll
0x0000000051990000 - 0x000000005199f000 	C:\Program Files\Java\jdk1.8.0_31\jre\bin\verify.dll
0x0000000051960000 - 0x0000000051988000 	C:\Program Files\Java\jdk1.8.0_31\jre\bin\java.dll
0x0000000051940000 - 0x0000000051956000 	C:\Program Files\Java\jdk1.8.0_31\jre\bin\zip.dll

VM Arguments:
jvm_args: -Djava.awt.headless=true -Xmx1024M -Dfile.encoding=windows-1252 -Duser.country=BR -Duser.language=pt -Duser.variant 
java_command: com.android.dx.command.Main --dex --num-threads=4 --output C:\Users\William\AndroidStudioProjects\JustJava\app\build\intermediates\pre-dexed\debug\internal_impl-23.1.1_81550a33744f0898cc35efc73bb22e1be2ad70f8.jar C:\Users\William\AndroidStudioProjects\JustJava\app\build\intermediates\exploded-aar\com.android.support\support-v4\23.1.1\jars\libs\internal_impl-23.1.1.jar
java_class_path (initial): C:\Users\William\AppData\Local\Android\android-sdk\build-tools\23.0.2\lib\dx.jar
Launcher Type: SUN_STANDARD

Environment Variables:
PATH=C:\ProgramData\Oracle\Java\javapath;C:\Windows\system32;C:\Windows;C:\Windows\System32\Wbem;C:\Windows\System32\WindowsPowerShell\v1.0\;C:\Program Files (x86)\ATI Technologies\ATI.ACE\Core-Static;C:\Program Files (x86)\Windows Live\Shared;C:\Program Files (x86)\Skype\Phone\;C:\Program Files\Java\jdk1.8.0_31\bin
USERNAME=William
OS=Windows_NT
PROCESSOR_IDENTIFIER=Intel64 Family 6 Model 42 Stepping 7, GenuineIntel



---------------  S Y S T E M  ---------------

OS: Windows 8.1 , 64 bit Build 9600 

CPU:total 4 (2 cores per cpu, 2 threads per core) family 6 model 42 stepping 7, cmov, cx8, fxsr, mmx, sse, sse2, sse3, ssse3, sse4.1, sse4.2, popcnt, avx, aes, clmul, ht, tsc, tscinvbit

Memory: 4k page, physical 4140908k(831364k free), swap 4140908k(5020k free)

vm_info: Java HotSpot(TM) 64-Bit Server VM (25.31-b07) for windows-amd64 JRE (1.8.0_31-b13), built on Dec 17 2014 21:00:28 by "java_re" with MS VC++ 10.0 (VS2010)

time: Thu Mar 03 10:47:44 2016
elapsed time: 1 seconds (0d 0h 0m 1s)

